/9j/4AAQSkZJRgABAgAAAQABAAD/2wBDAAgGBgcGBQgHBwcJCQgKDBQNDAsLDBkSEw8UHRofHh0a
HBwgJC4nICIsIxwcKDcpLDAxNDQ0Hyc5PTgyPC4zNDL/2wBDAQkJCQwLDBgNDRgyIRwhMjIyMjIy
MjIyMjIyMjIyMjIyMjIyMjIyMjIyMjIyMjIyMjIyMjIyMjIyMjIyMjIyMjL/wAARCAHxAcIDASIA
AhEBAxEB/8QAHwAAAQUBAQEBAQEAAAAAAAAAAAECAwQFBgcICQoL/8QAtRAAAgEDAwIEAwUFBAQA
AAF9AQIDAAQRBRIhMUEGE1FhByJxFDKBkaEII0KxwRVS0fAkM2JyggkKFhcYGRolJicoKSo0NTY3
ODk6Q0RFRkdISUpTVFVWV1hZWmNkZWZnaGlqc3R1dnd4eXqDhIWGh4iJipKTlJWWl5iZmqKjpKWm
p6ipqrKztLW2t7i5usLDxMXGx8jJytLT1NXW19jZ2uHi4+Tl5ufo6erx8vP09fb3+Pn6/8QAHwEA
AwEBAQEBAQEBAQAAAAAAAAECAwQFBgcICQoL/8QAtREAAgECBAQDBAcFBAQAAQJ3AAECAxEEBSEx
BhJBUQdhcRMiMoEIFEKRobHBCSMzUvAVYnLRChYkNOEl8RcYGRomJygpKjU2Nzg5OkNERUZHSElK
U1RVVldYWVpjZGVmZ2hpanN0dXZ3eHl6goOEhYaHiImKkpOUlZaXmJmaoqOkpaanqKmqsrO0tba3
uLm6wsPExcbHyMnK0tPU1dbX2Nna4uPk5ebn6Onq8vP09fb3+Pn6/9oADAMBAAIRAxEAPwDwt5HE
rfO2Mkfe6UnmycfOxx71sXmiTiZ2CHbnHSok0SVwSFYgHoOtXZmakjN8xyeWY5/2qXzGCj52z/vd
a0Rok5Usqk47EUwaVORjawPsMimO6KQklH8TZHqa6fQbi1tgboli6ANyc89x+NZDaNOpG5WCgdSK
17bRLuz0u4ucZjZPmHr71hWi5QaLpTSkiC/8V31te3KafPLDbuQ2wt901veF/GN7Yp58kxaReoJz
uFeeXIxOxGQDyMnmmxzyQsCrEYrCWFhOFrHQq0lLU9h1q00vxxYxalpqeRqwO14gcLN7H3rm7fwn
dGRop4ZklQ4MZNc5pWv3Ok3okU4BOWx0Ne3eHNXsvEtnbyykLdomNx/jHoazhUlh2oy+HuE4e1V4
7nEweGdhUhGA7jd0roF0NRGIipYkdu9dqmjRMCdqg471OthEAoKqTjFetFprQ820r2ZxsXh+FSD5
ZJxkYPSrMmirLGd0RzjOR2rrY7OISDAGcY+laAsYSAQAcDtRdILNnm8nh7EZLKW7dKy77w2rgvt2
kHHHevWX0xGj4GMdqqy6TFICrr8pOaLpjs0eTweH1lBMuSF457VZbwmjRAjKkdz3r0pdDhBLKigt
6U5NKxgY4zilZMWrPKJvCa4OAQuMdelPh8JwAYOSR6+leqPoqt1XimxaDtIIXOOKVkNXR5Ld+EQT
mPcMU208H5HRyeuWNexvoy8ArjvTotFiOflAOe1CSHqzyxPB6mTaVbPU471rW3hNTxsAAPYV6Sul
QxgDaBn9amFjHGdwUZPrRoKz6nFWvhOJSDt75Fblt4ehiGQuQOme1bLyRQjttHpVC71aKEDDYB7g
00mGiLEVhFFzgD6npVxRCBx0x3rj7nxJEZD8xAWqj+JgRneQOnFVysj2iWx2kt1EMjjHtUAvYhnD
AZ9TXA3fihcn9+oI6c9RWcPFC5yJST7GnyoXtHc9ON7F2PNQNeIACX4PXFeeHxIpIZpSAT61J/wk
MXlkmbIX0oshObO4F7FE2Q2B9aedahxkuCAPWvL7zxPFCB+9wW55NZ58UJIxKsQp4z60PlDml0PV
ZNdUAneCOlULnxGoYqrHIGeD1rzCXxSQQFIK98tWbJ4mnJG08jvRzRQ0pM9Qn8SShcL94eprKu/E
kqhi7nAGDg9a8zk1qd5CwaTdUT61PLnJJ7DsKTqLsDizotQ8SzLMBuxgZ69KyLjxDNKdxlYn2rGl
dpzlmJPXnvUDLwACCSM8VPOzRU7Isz6tdysSZW3Hvu6VSM0zEkysST3NByMknkdMUgHXPGeajoVF
IUyS8qXY8etBll6F3AHoaQg9RggnBxSMDjGTj+dIuyDexIBdskdmp+9xxvYk+9RBeeKlihmuJUhg
R5JXO1Y1XJJ9qG7CGNM45LMM8HmmmWU9GcAe/SuyTwFcaatvPr8iW1vJ8zKrZYD3/Su0k+G3hq50
xJrSWdWAG4h+Tn2rnqYunTtc2hRlI8W3yZ5ZgPrRvlB++3511fiTwdPo12kVpvuoJOY8L8w+tcpK
rRStG4wVOGHoRWsKsZq8SJRcXZiedKTje2frSebLj7zH/gVNIzg4PWpre3luZBHEuSTjIrQBFaVz
tVmLH0NWPsd7gMRJiu+8M+DlKh50yxPJI/StzVtHtra3ZdoKkYA9KpRbMnM8cczISCzgg/3qb5jZ
+83/AH1WlrESJO4QAAH1rMx26ketRazLi7q5pRk+WvzP0H8RopsZPlr83YUUwue2z+G4sswRSAem
KoN4Y25YIACcdK6a31SGbdhlAPPNWo7iIhwuCc1vYwujl08LqHTgEDnkdKX/AIRuLcyrEoycgBcY
rrUmiIyCvAxUKXEMUx6YJxzSsDOag8PBxtZAAPbrU0vh5Tp9xbEja6EH5cYFdQHgABDDkZ+lR3E0
Eq4JwGBXg1LV1Yadnc+ZtWsZbDUJIJ871PU9xWceTwK7bx9p89vrLiRSygZRh3XtXIxQeYHycEDI
z3rlg3bXc7ZJdCAMQQQcYrpdA1m9spi8R+UcHrzXNsDnPSrlteSoAiNtzweetRWgpxs0EZOLuj3r
QPGa3t2ltMwQmLqfUdjWrqGtfZJiHYAoORnpXiVtrdzp11b3u0Ex4IkB612p8VweLrdIiqWlwBhJ
ycY+o9KxoVZUbRkvdCvSVT3ovU6u28TKzE7gSOOTWzZeIlZdxfC9814XqN7rGi6ibe8UrIvKSqfl
ceo9alg8UziQOzEkDnJ616SqRlscLpzR9ADXIWIy2AOetB1qAsSHXGK8YtvFgI+dgA3XnpVk+KFI
G1gyf73Sq90m8z2NNWiOFHPNWhfREnJAH1rxi38XAAbXOAegbrWtbeJonyTPx7tRaLDnaPT3v4iM
BsD2qeC8UjjoOea8on8UbWAMuFAzw3WrEHikSjImIU+/SjlQ+ZrWx6bNfJx83Xiov7URQQCPXg15
tdeJUcYEv3eetQDxEHjOLnBx2HSiyEptnosuvJgYIyOOajm1xSp+YgexryS58TOZNkTgqDls96eN
fZIyXlyOox2pXQ25M7rU9fwCqsefTtXIaj4jlgkwGZjjJBPQVz97rnn7iGbJ456Csa5mabgnI/nQ
522BQbd2ad3rzy5AHIOeDVb+3pyp81mx061mlcjBJGPyqLbg54yRzxWfM2W4RLk9/LcYGcDqOear
BpTg7mHOODSBemBgZxzTickfLwRQVZIkSefj96cDsae91NGowcc1CBgEBuAe9KpPAJJzx0qeaxPK
mI7NLIWYkknvTHXK9SM9cU/PHTgc1ET8uCTjOM0y7W0EK4z3BGOe9Iw4yRz6ClYcEr16UM2BgkAj
oDQwViFjzkZBHTmmkZIJHI54qUjJx1wM1EcgAevNJAkNYYyBgj3NNPbHp+VOJ3A4IwaOpOeSOMk9
aopEJGM4wfwphAI5AH1qdhgkDGMdqYV+bp1oEkNIyPl9aAFJHGaVVwCR3pOgJJxj9KVhoNpyAoJY
nAAHU16h4ftNO8AWT6hqZSXWJo9sUQ/5Y5HQf7VQeC/DsGj2H/CUa8FVRHm1gkGevRvqe1cv4w1h
bjxBO3mLOCMpg8JnqP6VxVKjqy5I7dTpp0+Rc0i3qOsalr2tWcGpb4oGP3hyQueuPXNbbL4hsrka
fbtI+mPNve9Ee0FRztB+lcjJfwX9parBPOuoLlc7i2/04/hAFakV74i1HTE06a7kFg6iMi3GQQP4
T2pOlGSs0JVZQd0dtp+rWvie9nWFgI44zGZWP9BXjmrWjWOrXVqSSUcjJ6mu90NU0G9m+z6hAYkX
B80HAyfvD+9WL46s4Dfw31vMkjXRO7b7dzWeFXsqrgtjWs1Ugpo5WCCS5kCIMk+lekeFPC4QJLIg
O4dSOlUvCHhwSp5sik7jnJ7V6UFisIAAVAA6ntXrRieZKRJ5sNlBtJGVGa4fxPrsCRuC/PoDTfEn
iRUDqjg5HQHrXmt9ezXs5llbOTnBqpS5VoKKct9ht1cm5mLdB2BqAAtgAZz2FKNxYgfTiuj0HRGn
kSVkPJx061kk29TVtIrR6dJ5a8HoO1Fekx+HF8tflHQUVpymfOzmLPxFLIxDSjcD0Hetiz8RKspY
zqGByMnrXlzyOkzgMRzU6XswAIIBHehVGP2J603iIqplDgsR93HSq0uuMViaWY5bjBOM15umsTBd
zk7jxwetV5dRnml3FztByM0e1JdJnr1p4hUSDM4CgYxQfEeCC3Cg45rypdVlCjknHHPal/tWXIyu
4erGhzH7JnW+LJItY02KeOViUJwW6ke1chaql7ZPAxVJF5WT19qt2E897M0T8grwKoX2nzwFsKQm
c1wzl77TZ6MIe4rFXUIGtykBYnaM1UAYDcOMGrYgmeUR/ePqatXtlPBGkgUEsMEY5qudLRi5NLkN
rdq6GK5YmLHQdaVdQFvcZhHyYx0qkRJGCrDAPXIqJsbuDkUciZN2j1nw7f6d4uhOjas2EZR5EoOG
hYdD/jXK+JPD0/hvXZrC5QgD54nByJEPQgjrWFpN7NZXcc8RYbDnIPSvaZbC28e+GUtZZIYdVtvm
tpycAg8lT7GuSdR4eor/AAv8DX2aqRut0ePiLBBC4x6VIBtGScf1q/qek3ujai9hfweTcpjIzkN7
g9xVTHAGAc/jXepJq62ORxsIF25PQjue1SeY4xhiBj86aq5I4AGKUD5B7DjNUnYTJvtEpOCwwOen
WnpNKpyGxxn601FJ4IyR+lPWPBPB645FCuR1sAnm8wnJzn1oluJ5VILEAcdOtOEeCOwAz06UrLkD
kHvRcTRWC89wB7dKcV98gHH1qXZg4BxjtTguRg9P50ru5XQYqg89ee9BXAwRjHp3qUrjgDnP0oC5
BGD09KoTktiIrgDsAM9KjK5bHUGrbxnJ9cY5NRbcEnGD1qBkG3nG3n60GPA+Y8fyqURncCCefSgx
56cgc0xPYjAweCSM4poBzyynn0qVo+46Z9aUAMSpxihCRGRhQTgcdqYyjOQCRmpTHwAeo9+lNIxg
nn8Koe5C0fJIBzSMOgPPOTUxXHYn196iA45GO1JCempERtwD0/WmbMc7cf0qyVy2Oc1GV64OBnPF
HUohIzjgZBpMMBkNgdamMZPQHkZGe9IVwTxTEQMeD0qMdcgHk+tTlcjpz15q1a2SzEEnHamMoDqA
D14+tdj4D8Kxa3di/wBSjZdJtm5J6TMP4R7DvU3h/wAE/wDCQ3giDCG3Tm4nPRF9B/tGuz17UHTS
3s/D9ups7OIxgjhUUf1rzcZinH91D4n+B14Wi5e/LY4j4j+Jft8j2VuhS2ibYmD1I6n8sCvOxbTN
A0/lsY1OC3YVtSXxkKwRqkkzuV3sMgZ64p4MXmDTZmVbcSAsWPJrSivZxUbF1PedzCTMLK5BCk8E
jqO9bY8UXy2rWNswitnATAGOM+3r3rP1bYJ0jhlaWONdokIwGx6VSEMhx8pGRkZ4zXRZPVnO+xoy
/NqiI0ihDgt5XQV2X9jw32qWS2ys0SpkZ9e9cHpxUXq78kDtnr7V7X4Wt1u4be9ZCCseznv9KlQv
Uj5CnK1No19OsFsLLLKoIGeO1ct4o13yFZRKcE9q6HXdUitbR/mwcZxXjmv6m95OF3Zxyfau5ysj
iUbszr+9e9mZieCc/WqpNLjn6VZs7bz5sFSwzjjtWO7OnRGloGlNd3WWUlQa9X8P6LiJTtGBx0rI
8NaNtMICdevvXp+mWKxQg4wAK1WiOf43cgXTl2j6UVsefD6rRSuzWyPkWTmV/qTSoMnpxSup85x1
y3btS+Xg45wKyNRB6A4wc80o5IBGQDjinFcgEHI9qUjA5HagWwqr2Kn0OKcFwDQo5zjJJ5zQBzx1
6+5oGty5o0nlapbkHjzAD713XiHQp/3k0FuPKAyR6fSvO4X8i4SQZBRgcGvdLK6XWNMt7lFVoXTB
9Qa8XMpypzjNHfg1zRcTy2PT9sKsU+b1A9anisFuojufDR87WPUH0rvdT0RZLTykzgDdn09qwTFb
TRGCVdtyo27l61zRxXMrnRKjZnHJpalyJ1LAgjH+HvXP3FrsI2BiM45HWvSdKsPsQuLS5Rp2f5om
YdDWOdMzcTLuQgEkq3DLXdTxVm0Yyo3OPtXa3uFkPG05II6/hXofhbxFHEUC7hICOhrlr7TFtytx
tYgP3HX61BZTG21I3cYIizllUdAautGOIgKF4M+g9T0Sx8ZaA0E8Si9RMQzMvKn0zXhV3p91pt3J
a3sDRXEZ+aNl5+tereDdVls5vIebzIJP3qMW6A9M11niXwlYeMdNJ+WLUI1/czDqPY+xrysLjZYa
p7Kfwl16KkuZHz6kWScnGD1qcQEgdARXV2HgDWbiUq0HklTtO71Fb8HwtmIBlutp/wBmvfjVja6O
H2E29jzXyyMADPOD704IRyeh5r0w/C1VJA1CTcfUVE3wxZWAN6oU+qmqVVEuhKJ51jGQCTjj601s
jkD867a98AT2MgVmEkZGBIrZzVJ/BUo/jfB4we1VF8yujKWj1OVHQnBOemKeOT0wBXTjwZKeSx6V
C3g+cDAdgQe4q7MjmTOfxk+oBzyaE4ODxkY47V0A8IXJPD5P0ok8KTxR5DMWHHBpIWhhPwCMc4xx
2qEkBh0Pbkda208OXZJDMRj0qE+HrosQpOBx8y0a3KunsZRHGCcgHtSFcYPUDitObQrmAZZuT0wO
tQvol8VDBeOv0pDuijjGcrgewpFC9eSfanm1uYmKsMkGmFZwwBiIJOOlFx2T1AjJJxx0yO9RFGAJ
6gnNSYYDlTnHelYqRjkEnHIpX1ERNjHTnFGOCCO3elPIzjqcdaQkYOTk9OKa2uJMjcckg85xzTAv
HPQ881MBjtkjj6UbRggYBzx70Nu4yAjIHqD3ppGM55FTkDPB6egxmoyAQecZHcU0xkO3BJxgdeta
enLNcXEdvbRGa4kbYkYXksaon5Qc9AM8CvY/h94TGh6a2t6gqrdum6PPPkof4fqe9c2LxaoQv16G
tGl7R2NE2cGh+GU02IAMIMtNj78x68da801e8uJRDp8CyW1rnEp2/fbv9a7jWtZvlt5LgMACceYT
0Fcrq93Dq2kTXM0gjuIz+5C9/XmvDw8pSk6k92erJci5UczNa2lvdWMUFz5hiLMQUxjPfPesO/iZ
ZbmaS1OyQYSaXIwfb1Nb1lYXN3bzaiEJAIViF+56VLpeiWOp6iba5uWt5A+7LHKj/gPp1r1qdRKW
rOSSutDgyz8An7vTPark2oTXT2/nbSIxgBhxXXeJNBi+0Xk0CyXFrHFsW5jUCIOOcA+n+IrjrwlW
WEqg2gZKnO4465rsTUtUcrVi3ocsFvqXnywrKFB2q3TPbpXuOnKun6Da7cYMIPToTya8S0orHqgl
tU3bRmMyDO0/Tv3r1Maqo8LhSxLIWQnOcnrx7VVN+/YzrR926OX8W62SXVPm4xknOK4RmMkhJOST
+dXtVnafUHJIwD2qlt3HA5J6e1at3M4pJD0j82YKCDnjiu88N6JhkJj3EnnPasvw5oMs2+VkyTwu
K9b8OaIsESEgZIzkd6cV1ZEnfRGno2lBIkJXkdwK1by7W0gIGAQMVM5W0gIBAIFef+J9d2B0DYPP
OetWtQb5UbP9sL/z0H5UV5eNb4/1rfnRS5ok2kcOy/vX7AHmlVckA8jNLJxMxzwTTgrA4Ck56ZHS
srHTcQDJycY6fSlI7cDirkWl3sy5SLI9c9Kki0q6eYIV29s0CukUgDn6jHHenJZzNgKpIzjgV22m
eDw6+aVZiR37Vu23hZlkBCnIHYdKaiZuojzeHQ7icZMTAMfSvb/DGnR2GhQWy/MoGeadpnhhZIwX
XJ68irsED6fcS2xGFByMeleJncX7OLR6eWS5pNEeoxMGQRNnHUYrBu9LW4lFyIdjk4bHH41v3beX
OGAznjntUht2lXK9cd6+djNxR7Dgupyo0u5tJWuVBcnoD2qvd6LHe7bwoUnxltvrXZ20fnRkSgcc
dKjubaGIkKo2seeOlarEtPzF7NbHndzpK3ULwTvyoxux0/EVjSaI0Fu8sClljPPy8Ed69Uexhkiz
Gy7TxgDg1kPCLVnUMyhxg56EV1UsW1oZyodTmvDqzxbfnbyWOASOlek6Rez26BWfJX9a5e209rkg
RPlAcEAYxj0rftIzECAWIAxz1rmxUlN3NIQtoztrCcXLklQQRV5lwOSB9BWLpdwot8ngHjPpVqa8
MWQzEn+dd+W4pcjpyeqOOpSbnZGgoiBBIBPr602aRAMY4rMS9UDJOfrUct7vJAwK754hJDWGdxt9
BFLIrDGc4I9aBpcRGdoJPtVSe49+hrWtrgNGuSORmujAYjnbicmYUFFRkVP7JiAwEXmoX0mIEkRA
dq2hOo5yMU03ETDjmvUPKSRjDSYgfuAc9MU19Ig7qM1tmZQQRikDKx7UBZHPPosRTCxAk+opraHG
CCUHTsK6PdFnsT0pD5WBzk0DsjlG0GI5HlDGfSoJNBQRkBCPwrriV7dAaRjESRxk0CSscA3hiJm3
bM49qD4ZhAJ8nk+oruzArckDFMMCk47UmkCTR58/hdWBzCpXPp0rIvvCERUt5RJUevSvWDaRYA9e
Khl09G4xkiiyY9TxOfwo2OEZR7Gs268OXsPEQLL717odJXJbAJPtVSfRUlGdvOMcDrUOKFqtTwqT
S7uEAmIkZ6+tVJIpoj8yNtPtXts3hyIhiV4x3rIuPDYIJ243e3SlyD5jyXzcgAcnH5UFgN5zgZ65
ruNT8Jbg3VWHPArN0zwW+oanFZNK0aMCZGK9h6e9ZVJezi5S2RrTvN8vc0/h94TbUL9dV1KHFpa4
ljglXmYno2D/AA+nrXomuX8rRTLFETbJHl8evpVz7N/ZVjBAk26RIhGGbliAOMn2rIuZYobcxNdh
FIJbHUk18liMVLEVuZ7dD3KNBU4aHJX94dSt5oxZq24ZUk/Knv7VW+221joZklKTXkgMPljsDxWn
c2z6jZG1tWWBQMyMO5+tcnqdlHpt19nAaSXGGG3jP9a66FnoRPc2NPWzg8P+RIcs43SqrEBu46dc
Vwmv6qs2oGW3Vo5x8m4Njbjrx710KRoLLbLMQxGVAPT61yJspDZXN0Dlt2FAXOR3r0MJFczbZz1b
2Vi6NXjtbJLfdu4LM4J5b39ap3RsLnZMomluriTJL/KG9fbrVG5sLu2hEs8D+WwGJByoqezAuNQt
t87C3jIUEEBgP6V6MYqOpySfMTnRtTg1iGBoPLeQgx+Ucrz6EV1us29zouhxC5lBkZyNoP3B2BqO
0hittSumtb6SaGNQYgRyGPXPb8qr+L5bb+z7CJfMe6YFp5T39h9KwVVuqki5QTp6nIO2WJPJY961
9B0trqbzCvQ4ArNtoWnmCheD+lejeEdJ/fBipyecZrvitThm7I6/w7oaCEkouOox2rtYYFtYc4GR
TNLs/JtwSMHrVPXtR8mIlWwRx1rTd2JS5UZfiHWliidd3OOleLeJdaaaYxK33jnr0rb8Ua+6GX5g
SeFyetedyytJIWZiWJ/KiTtogjHmd2Xox+7Xr0FFMjU+WvJ6DtRXPzM6LHSad4b866JlyQCTXV2P
hEE5Kqyjsa9AtPDqKQTEMZ7jpWxb6SkR+6AM1vZI57t7nG2fhfCj5ACRjgVOnhWISf6odc/dru44
IVzyDihxAoJBANA1EwLLSFiAXbg/StiPSlP3lAIPHFPNzDERkjcB2qtPrcEchBbGP1o1B2Rs21uk
eAVAGK57XY/K1QMMAMoqxD4iimkEUTbnPYVT8RiUNbytwrCvHzeP7j5no5W71dCjIvnqeg7c1ZtF
aKEKzDeDjOetZLzyrgqpYE84PSrc8bT2WFZlfqCDyK+Tceh9A4lx4CWYo23Jzx3qSe2VgDkZH61l
WGqs921lOreYgznHWt5FVgCORipmnF6k7amQtvsBAGATk4qpcWSuc7QSTmtudWB+UZHTiqEqynIH
ykDAOOlVGTNU00Q6db4dsrgjjirTkREhl606wgZIR5rhnAwWA61ZkhBOOp+nSlKWpCtcbYXCwxNH
n5W45PSrOoNtgWTdyPlPvVRY1B5XrU9/bNJpzeW+UUblAHJpRlyzUkS1GMkzP+2YHXNRve4780lv
o+oXR+WBlHq3FbNt4SXA+0zu2ey8AV1uo2zSpiKMDAmvwsZJbAAzyaqweKYiQqzAkHaMHrXcDwtp
eCGtlcHrvOc1ettLsLNAttbQqFHG2IDFd2Cx31dtuNzyMbONdJI5mC71C8jDw2U5U9yuM/nTQ2qx
uzNaSKo9SMV2JXkYAIPrTTEhXDKrD0IrpeeVL6RRwrCw7nMxrqkgBNpIM+pAqQw6uQQtt+bCulCg
N0B4pduDxyPel/bdd7RQ/q8DmUt9YLfNbgAf9NBUy2+p5z5A/wC+q3yMnr+VBU44PWl/bVf+VD+r
QOfeHUFBH2ZifZuBUIe6jI320w/4DXTeUwHPX6daQq4x1OTjjtVLOqq3gS8LB9TmDqoUkMCp9xUi
aijfxADFdEV4wyoT7iq8tlBNxJbQsR3210RzuH2ok/VOzMk3gwSD+tN+25wCc1dk0O0cfKjIf9lq
qy+HmyWhuHU46MM11QzbDSdndESw8ySK5WQ8ip/kYHcf/rVlvp+oQA7QsmOeDUDzXcUuJreZcDPC
5rthiKFT4ZIydOcd0bTW6SjFV309TyBgiqkOpAABiRz3FaMd4jAZbJFa37GZQl0pJCSVHTvUWn6N
HaXMl0QucYX29a2d7SREquc8cVnXu/cixnBU59a+bznHaexj8z1MDhrvnYNB9pkTYo687h0rndY0
2F9TEc/UrvyvSurii+UnJU4ycVkazHujIIJfaSuTivnaMrM9Jvoc9ZNYWgcSodinHPOay72406e7
W62kIg2qQud30z6Vd03TZVic3D7g7ZU/0rTt9BthDCRED5fqOtdftIwd7is2jy7UoXXUmnaJ/ssg
+UBu1YM9mLhpFtd9vnJAMmFWvbdasrGK0V5YFJj556AV5/caD/a2pvPbkW6ZzhmwCMfnXqYbFJq+
xyVIO5wguJ7rRhp0chkYSbvJjGS2O5rFMMi5O0gA44PSup1WBrW9a1jMEbM+SYlwf8a2Bb6Re+Hh
Yx2u+/Ygm728oBx+INeuq6j8zlcLmL4Zs5TqlqkkpjjlG75hnJHtmrPjWKWLWI7IncyKBx781e8O
6NZWusP9uuHlZMgHGA+Pr2qTxHpc7eLLW4aLEc6ApngcdaxhOMsTYdRNUibw14X82NGf7zD8q9R0
TQltAm1SAe3pUXhTSlNvH8q5A9K7YwLbwk9CPSvW20R5qTerM+5nFpblScAjtXl3ivXAPM/e4AOe
tdT4l1byY2VSDXiXiPUmubswKSVU5YnvTvZCfvOyMu/u2vZzK2AAeBVA7cgbiKkfqR+FQt1xWVze
Ksjcix5KfMv3RRVKN28teewoouOyPqt9UgQkDAI5qhc+IYoiQGXJHTNeYXXiwCZgspHJGB2rNn8R
M0bhWYsw7VvaKOa8nsek3PitIpCoYBiM4zWXceL8yAK3I9D1ryq51W5kl6ksT1Par+lO7DdNLyeM
0nJdA5ZW1O+l8RSy4cMcntms+2k1jWbow26vhj1z0qXQdBudZkGFKwg8n1r1jRNCg02FVRRwME46
1jVqtaI0pUOZ3exn+GPDC6ZbiWUlpyMkk9PpVrxLbtLaK4XIU8+1dGxCqQMYrNuissMinkEV5eLi
6lJo9XDWpyTRxsVm0ce8jKjnFTwSJLAGQ5XpVpBlcAcHimi38pSEGMnNfIuXc97mKSCEXROBu9a0
opcD29qxr9LiKRJUUFQf3matW02VyMjPrTlG6uKSuahZSDiq0nI+lR+cMcnFI8gx14PFQoijGwQy
YGF7HFXI5BkliOlU7ezuJpAYVIU9SelbdnpKqQ1wd7foKJWMqlWMSpHaT3cn7tMJ/ePQVuWOnrap
gks3fNSpiNPlUBR61IJFxkkZIrWEFfU4KteU1boOAUMRwfSnDrnv7UnAHLBT7nrQAODnPbiuhX6H
MKFx34oCgZz0/nUgHII6EUY9P1qlCwrjcdgMZFIAOMGpdvqQDSbQaqVJ3uJMYVzjbg84Oe1OCLjh
sH3owBxk/jRjJ69KaSTvYGNIOPegoSMj6U4DNLggEHn6UKCerC5FglcE5pCcDAAK+9BiaTncw7cU
ogVSOCSPSs2psq6GYyBjinlcgdQPenBcAAcgU4KfYZojSYNjNuRjpimlOckc571KVwAQckc0pYnr
2q/ZpaMVyEhTnj/69IYV5GMH2qXHQ4zilDJnOCB0pKCb10DmZn3GmxTxlZFV0PYiud1HQZIJFa0u
WiBOCGGQK7ElTnaee4qNkRgQ4yDxgjrW0MTWov8Ady/VA1GXxK5g7/sVtGoJJxgkD9aYqq4LlwCw
6kVpXGnOGEkLgH+41ZpbywY3jKMDnBry6/O5Nz3Z3UXFq0ScSqFLZ5xjmsjUHW6lLMrAbcAn1p7T
rKcdO30pZRkABcgDOR2rON0bumlqUrYNPAbcAEqcbscVKYLlISqjcy9TnrVlWaIbtuQRzjtUttcg
sAOFPNNy1FqcX4hdps2KyuXdMkfSuQN9fWIdV2lVGcgdPrXqF7AiSOWWMzYJGfSuUv8AQIJlYqwB
lOWx7V6GHrRSszKUWzzq5NrOlyzh3mIysg9fetTQtAvfspubi+ECtjYPQdeK6R/C0FtprEqWVRu5
FYFhdZKxSHac7duOtej9Yc4NQMeSz1NnRNPtm1JGu3e4RSWJAHJrpdV0uDWmtbhIPLMEmFweq1lW
NvFDCQinJ5H0rutDt1kjSLaCQM8isMPVf1mDfcqtS/cSL2jWK2sAGAMDPFV9e1NYIGAbBAz1rRvX
FvbkDjj1ryjxbrQQOTKQRxwetfXLufP3srHNeLPEGJGCtuYnjFefSszEszZZjzmrN/ePd3RlLEgc
D2qiTk4B5NRJ3ZpCNiMtnIyB9BTCMjqOKcT1A4q3p2ny3swwDtxnJ70ty72JYoG8lOP4R2oruoPD
3+jxfKfuD+H2op8rI9pE8/kdxMSXY89CelXYLj5cDucVfm0pATg4Oe461nx2Estx5UETuxOMAUX5
dWXa7Hy3K7gFBZiccCu68GeFLvVZkmnVorcHOCOtX/Bvw7yUur9SSeQCOlev6dp8NnEFRAABgY7V
hKo3sbRpfzEuk6bBY26RRKAFGPrWsoxyeBiqyEA0PNjvWTZtYS6nwDj0rJmvMA4OKtXcoMZ9RXM3
t35efm78VhVlZHZQhckt7uOSd13YbOTWojKSB2rgJdU+yaj5xI2n72O1dBYa3bXxMNtMskuM7R1r
5fFUHzNrY9KSubdzAsgIGMYNZKQyljEqMwz2FdBa2jOAZgR7CtOOBFwFUAewrli3sjCWIUNDnrfR
JpSGnYxj0HWtm00q0thuK7n64PerxjII549hSZGcEdutaJST1Oadac+o0hBhioBHYCnCaKNSZFCq
gyWZsACqWpalZaRaG6u5gqgcKTy59q8h8S+MtQ8QSNCv+j2ecLCp5I9W+tduFws60rpHNKSsd7rP
xB0vTci1b7bL0G04Ufj3rjZvG/iTVXMcVytqkh2hYVAxnt61yNtZsVysRdFGXbdjafTnrmp4JiZE
2A7w23I6A5+7n1r26eWRgu7MZVke0eHvDcdlFDPfTy3l6RuMkrbgM+ldSigDoPavNtM+IX2K0W1v
7OSeaIbPNVgpYD1B/Crl18SrcDbp+nyzSDljK2APy615/wBTqqWsSnVi+p21/fwabZS3dy223iXc
5Pb6VkeFPEi+IbORniEdxC2HUD5cHoR+Feaa1r2p69cbL51EaMGS3UHavHU4613Pw90Waw0p7u5X
bLdHdyuDj3qqmHdOKctwTTO0PI6Yoxjk80qjAxjOKccDrmsVC+ohgHPH60o4ByM804jj1o5IwB+t
XGFmK40DGetA57Ecd6M5H0p3T3qUkxibiMAnFJjGR0FO6+lJj8TVO7EJ93oKDz1OPpTjjuDSYz0p
crta+gxpGR7+1HTI9qdj0pCDUuNtQMV/E2nw6+2kTv5Uyxh97HCnPb61sMASfWvO/iD4fmmnTVoh
lfJ8qYZ4GOjY/OsXSPHWq6SY4LmU3kOODMuCB7H1rWGHc4XiDaPRNY8PxaoplW4ns7tRhLi3cqR9
R0Irzp/FXirw3evZXcn2lYnwzSrkEDoQeuCMVvn4pWgXB09hLnBHm8GuR1fXoNduzNOvmMAf3A7H
Hr0wOOPb3rWhhpc3LJaA5WWp2unfEzT7hQt9E9s5/iHKmuqilstVtRLA8c8TdCpyK8AulDRzRRSy
LsG7y5VHJ6dqj03xLe6C0M9rPPEfL3SALgE56EfSnXwCew4y6ntGo6JKrCW3BkX+6TyPpUFmcB4j
uBB5zVPwp8Q7XV9sGostvcscbsYB+ueldlPZxT/eUZ/vCvFr4aUNDrjiXtI5ueR4rN0Vc54GarpE
wtAARvPp2rR1HTbuFCbcech7E4I/xrNgkwQCMFT3rns0tTrhJSV0Onh2kTT9cY5rEnhRpkZhtAOc
Z4rX1wSy6PcNEpZlGQo7muN0q31uf99eARWuzISQ5Nb0IXi5XE13OpmgW5svIVuG7+tYM2gW0Epd
4OM8yYrbsSsUSkcg80/VJDdWpRe46etEakoystgcb6nA6XrK3euXFpbE5R8DNeo6QrRFWZtqqM8H
rXB+F/Bv9nanLqFycyyOWHP3RWn4m8RRadqCW0UoBAywr1cNGlUxcYw2WpzYqUoUH3Ok17UF8psE
YA7mvC/GN/50jrnOTxjvW/rHijzISPNIAIzz1rzrUb1r25LbhgdAO1fVyaSsjwIxbd2U2PBGSaiZ
sDjPNOYEgkNU1lZy3s4hQZyfvHtUGz01JNM0uW/kyQ3l5xwOtelaHoMNtEHdO3cU/wAPaAkUER24
VRyfWti/vILKEhsAAYHtWsY6HNObexYEMWPur+VFct/wkSf3jRRzIORlSPQr3VroQWqkANgsa9M8
OeCbbTIFLxK0p5ORWx4Z0NbWBCVG4jJJFb842S7V4ArjqS535Hp0qaivMiit1iAVFwAMcVbQYGDU
arg0rnArJuxolcUnBzVS5mwSM09psA81hane7SeQcc1hKaRvCF2Pu74AEBua5TVb3BJ3ZIFSXuoc
Eg4FUNMsJ9d1DbyLdT87f0rz69dJNs7YRUSpY6Td69MRCNsGcNKRwK9I8P8Ahmy0WAC3iHmkfNKf
vGrmnWENjapBBGqBRjFaMY5x6Dt3rxaleVR26EVajYsaYbduxkdKmUbRgkEnn6U0HBHy8g4qYnc2
T19qIRjbzORsaxC98moLl/IgNxMdkcYLEn0FTk5PTB9TWL4pS7udCuYrVd87rtxtzn6VpFRloyVc
8e8Sa3ceINUa5nOIAMQxgcAdvz5rHLvFG4VYwbkeUPNH3Md6tXMLGQFZWEijGVHTP/16lihWWQCZ
cgtjgZLnvmvqsNTjCKUTkqSbYip9rZlQExodsRaU8gdWJ/MDP0FWBDcHJWKNWfptIGPr6YqRLYxA
sNo3Nu5XhO351NbafiYAb5CTtIAznvzj2ruc4RWrscvLJvQrJb4YMsRAbB3Nt3Y9s/jUwt55yDFK
9vbK2JGVPnfJ+6pJ6c10ekeENSvw8pVoQ54mkGNq+gFd3o3g/TdMw5i86cAYkkOTxXBXx9OGkNWa
wotr3jmvDngvzj5tzDPa26n5YmbMk2O7HsOnAr0ZFWOMKBgAYp3yqDkYIoyCB3715FScqj5pPU6e
lkAGMmn7mHBNB5PFAPvSjLl0TAD396MEjFB570g49TmnfXXYAVc8dAKDxx1+lcfrvjY6dd3FjZ2f
n3EOFaSRsKGPoByf0+tc5J458RXFipgiihnVsTSGHIUdvlzznt0rohQc4+6iJSUdz1NRnnHA65oz
nOOK8j/4SzxhC6Ti4gaGQ5c3ECoIgPbORnHetCz+IOtRRql9pcUjlSVaIlQffuPwqnh5RjsJTTdr
npvpS9jxVLTbwahpsF3sdPNTcVZSCD9DVzHGfxrBJo0FJyAKQjjGKcB15zQf0qmnuxEciCRShUFS
MEHvXn2veAAZXuNJZ4UIYyW6t94n0J6DrXofcmm4ycVHNKLvEa8zwW70T7FMYFn3NyZJLiAqU9FP
HzZ9RVCW2aWYqjKykbVgaLr/ALvvmvfb3SbK+/4+LdGOc5I5GK5u98FKButpTJgHasv8OfQ12wxl
vjRm4J7Hjk9pLGyGeIoRxgE9Mdc0iWbS7Lh2kYIGizk7Tn+uK9GuvC99ayOGthOMbh/df2NY02lz
2bFRaXCgYJPZDnIGe4+tbxxNOXUXs5LY4qSwaK8meAMEVlRAZi2B35PX2+vtXqvgLxXLKBpOpS7m
B228rcE/7Le9cqLJ0mkWK3nYs2c425963dD8N6he6pa3QiWGGMqxbPK4/u1x4uVKS8zaCfU9PI71
n3ulRXWSBtk/vitLHGaQDgnrivGlT5tC4ycXdHLzW0ltGyzAMp7jvWbeDMJIXGRjHpXavGsgIIyP
Suf1PQfOkE8LMSvOzPWuRwcWdtPEKWkjJ0+zDw7WYE9elXXsliG4DOOaitmaOXyvKKt0II6Vopzk
Hn+tYzk7m12tUZ8TAyhWHbPFeBeMb+WbxVfssrBA+AA3Ar6Bd4rfzXuGSNAM5Y18561AbvXbtoDm
NpCRjvXu5JC9Ry8jjx81yJGI8zscMxJGepqsWycDpntXSWnhu4uCMqwB5wTXRad4TVRuZFBXnpX1
Ki2eNKaRxVhodzeyglSqDrjqa9D0HwzDbYLIBjpzWxZaZb22GYKWPFPudSitYsBgCPU1tGFtTGc2
9C7czw6fCAh4AxXm/iTWGmkYBsjGMVa1bXmlkKhsH61zEm68mwFJY05SCCvqyJbifaOT0orZj0K4
8tflboO1FRY35on01bssSgZximTzZnyOtVHmYHI45qE3GJucc15zlZHrKn1NQT8Z71HNOAPWqZnw
CegqnLeAHBzWLmONMde3hiBIOK5XU7/IPNXdTvMjrXI39z5hIB6Ht3rirTO2EVEmhWbU7xLaAks5
xkdvevStF0uDSrMQxdRySR1PrWJ4Q0T7FZfap1xPKM4PYV1calsAdAec14eKr88uVbBORNBkjJA4
9RVtRtHPU1FEcAKMYzU45IGTx1rOFrHJJ6j4hn2x2o3ZGdp5pQcd/alWPeTg4A9a3SbskY37jcNj
k578CmyxZByDg1PGpJ6jjnJocZwC2TVuHu3EpWZy2o+EdH1OfzZbQCRjlpIztJxVeHwJpKysQJwQ
f3eZPu4rqzHlhwRjkYqRYs4JGTiqp1Ky0UmU2jAt/B2ixFCbbcQ275mJya2bewt7YfuoI1z6LjNW
lVRkEZHUe9KNpxg/n2rbmm1dshyECDjjA9Kd05x+dJ2pRyM/xZ700iWPzzg0vGetN6+x6UDBIJrR
aCHnqKAM0hwcYpw4HpWiSb1EIO9OA49aTpRgkHnmqirCZRutKsbwv59vGxcYY45I+tUJPDmliExr
EyoeoEpAOOn5dq1zA5P3sfQU9Y8LhhmpU6mqSsGhgy+EtNuQBMJZFzu2s+ckVfi0OwiIJgV/97mt
AcDOMD+VL16dKpt9WMFGBgDFOA9aaBTge2acV3Ew9+1HUcUZBOBS9MmtEAEd+lIOOpBNKDnI9KQj
nHah2dmiQPPT9KaeDThxxSGoaRQ0jPUdKiktYJfvxI2eeRU3QZ7UuPwrPkTHcrpZwISViUE9SB1q
QIAOB+VSY/Kk6H0FCgkFxuMkjNJjBOOM08+uKYew9KiSsBGw5JHem4yBxgVMRkAYqMrwcHpXLOnY
tMo3VjHOScYcfxCuS8R6uPDNobi4VnBOI8LwT7mu42sB0z3qhqWnwX9lLbXESyROMFSM5rm9mlO8
lobwqNKx856x4j1DW79p5ZCqOcYHGBUukxQCQllBGM81L4q8PS+H9We3KnyG+aFx3H/1qyY73yAu
CQRxX2GBdH2adPZnm4pSbszu4pLWGNWwpxxVS51mCGIlW75rkH1dmjIXJJHTPWqkrXN4SIlI7Zr0
FLSyONw7m7d+JOcK2cetYzXN3qcpWJc5OM+lXtO8Ly3LAy7jk5we9egaL4XSGMDylUD0GarViukz
g7HwhcSsHlG4kdSeldPpnhyC05ZFckZyR0ruk0YCMKFwBzQui4bA4HSqVhO7MEWEGPuCiupGlHHQ
flRT5kPkQXdxtGQOtVN+87s0s8wIIP8A+qqsEgyVJzzXgybufSR2Lzz4X6DvWVeXKqOG5qzLIBHz
XM6jcYY4OawqNmkERX97uBBbiofD2ntqusjcMwxHc3v6Vj3FxknPrXpng/S/sOnIzjEso3vntXm4
qpyR9TRs6GOLChSMEDPFWYFAJPYnP1qJsliSQCTU+4HGBwB2rxk1e5jK7JIGyAcY4xg9qmDYOAAQ
PQUyJQsYPXPPFSlVBBBBya3inYwdrkwQlQOOep9KZuwNoYZ/nSk5UEEACmhMc+tdMnquUyS7kpIO
OQMjFKBwCRik6jjrinE5XI6jitL31YhMdyM4p7vkAAYA/WokBOec808HKkDGR39KqDdrLqJoAcHG
OevNKeo7UwDk8dfen4BGc5NEVdAxQSBjGKaD8wJoxkHPT2NIG3ZOD9M029EFiTPPvS5x+AqIHGD3
pwzg5H51SldisKGxjkYzTg3XnNNDAYGM1n6nrenaNEj6hcLAjttDEHA+vpVRbWzCxqg5ANAPvVSC
7huYkntpVmjfo8TAg/jVgN6GrU9RWJc5pjkgA9eaXODzWde61Y2TpHJOvmOPkiUbmb6AVq5XjuSk
29DQPpnr1pjNtPGTXOT33iFmN1a2kAtgoK28uRI/49Fq3aeJNPnIinlNndZwYLn5WB/Hg/hWV+Za
FuLRtA5oHAHHekUqy5ByPUGnAdMA4Aq0mSPHI5p2OOKpSX9pbsUkuI1fGdu7n8qngl81c7XXnjd3
reDWxDROBx0pCOaUHigjNdDSaFcZ+lGME8il9RSEe1czRYDn60vUUgHHFL7fyqookQ/pTCwyBhjn
v6VIRnjNNK4z6UpqS16DQh6U0kcetO9PSo1GDgnj3rlbZQpyBnPFRjIk68VKe/pTScEZ71FSPW40
Rnqecc1G/ICgc1K4zkfjUROOc8j9a5JPWxaOc8VeHLfxBprQSriVfmibHRq8wTwRklWiwy8HI617
pIoeHjjPP41lXNhET5wUA/xe9eplVX2VT2ctnsZV1zxut0eTQ+B1ByE+Yeo6Vr2nhJQQSo/Ku/Fv
EvPH40b4YhnoBX1CVjzXG+5j2HhyKIDCjIGOnWtlNPiiIAAwPalfUoY4+GAz71nza5GOjLx0p6se
iNMRAcYGB61BI0UIBZgBn8q5+48SKA5DDA6EHrWBfeJWIJzgfWqUL7kuaPQfttvRXl39v/7R/wC+
qKfIiec6OSN2YksQQe1RkCLkHBrRe2wxyc+5rOu8Rjk57fWvBkj6SLK95OxiOG5964/Ub0hiGGCO
PrXRXE5ANcxqKrISRwSe9c1Q3gN0SH+0NbtbYKGDSZYY6AV7RCoWMjGB2xXnvw70xfNur4rzjYnH
516MfuDH614WOmnOy6AxFDE43EgnPParsaoEG4ksT27VXi2gfMp5HFShsA8cg5rji0ndmUtSyGJQ
jdgUjMBIB6jP0pmdqhguVHcVFu53fMcnoe1auVjNRuy8suMAnAJx9KcGGc8kY6nvVRSQOQST6ipF
GFGVP19K0VR7EOJZ3YAPGMUoYEDtzUG7CnIOBz9achVlBXkjjk9KtT7E2JgQST1yMcUKUz1Ofeq5
Of4gp9RSq5H8XBPp0qlW12FykzPj7ozx3pA4Oeaibuc5xSg+5BPt1p87bDlJRMqkjNOMmFz1+lQN
5Z4Od2KUK2B1K9OaanJaBZDlfOeSR1+lKZ8cGq0o9SAR0pmSwKsQDn8qyddx0LUEy4swb/eqO4ii
uYisyqykYIYdagKYOQe3GKnRsp8xP5VUarejE421RhS+EbJGd9PluNPJOT9klKAn/d6UW+g62hG7
xLdvHnODEmfzxXQL/tc5pVKrnA4rVVGlrsS2zDTwt8sgn1S+kSRtzAy43H8K1rLSbSwQCCFFzzkD
k1aAA6ZOaeDmrTTZLbF2kcdutVbrTrW/jMd1bxyr6OuatKMk84+tIQCpBOQfWtmtLk3fQxB4WtI5
h9mlurZQOkMxUD8KnGgKZQZL69dccq05wa1FG0AAYwMCpM80R5Qc5FO00qysm3QW6I394jJ/M81o
A9qiAx+NSZzXTTkZu7HfzozTSccGj61opsLDvrTlwTjsRTM8+tKDg5HatoTSepLQ/aBnNMAJzxjm
n+Zz1FAb05rpcYO1mK7GlODimbfXrUobPGMGmscjgVjVpwauhpsZtwT6U1h0pwGevQUMAcjHANcz
heOhSY0j0qMnjOMZp/fnmmkeorlqLTQtDWHQ4qFxnB6YqUnqe4pM/KM8kGuOaUmNOwxBujK49xzU
LheQc4PGDUhO0jHGPemvhgT3AzzUSqNJW3RaOF1XWW0y9kt3bAU5Ge4rCuvFOQQGJGa3PHOlGdYb
5OGQ7Gx3Hb+tcdHpPmkE8EnH0r7TLa/t8OpPc8nEw5JtLYbc+IJZMBXYE89aovqlzMQN7DJzkVtr
oShclQWPA9qkXRFEgAABrtsznsYKXcsoK4YADjPelXTJ7zjLEfyrqxpCxkg44FSxCKJSAAFpisc6
PDgx1P5UV1ouIcfdWilYq6L09wsZIPPYYrBv5txOOhrQumAJPU9OKxpjmQnPQV8+22fURiinOjGI
knmucvlYZzyBx9a6C4vlUYI4FYN6/nEKnJc4AA65rKqtDWN0en+CrP7N4ctpAvzON2T71tytgAEZ
BNM0q0Njo9vACdyRAYJ6Go2fdKMKRjg+9fMV3zTYlqyyCzYC5I6VOhHmAMMVSWTAwRgZ5IFWYmJH
yjqMAkdKxWjFJaFlnBHqe1MTaQdwPX8qj3dMHkcc08sABgkE88U+a7I5bIlR8DB5wOBT1bPy5II6
ZqtuHBBwOuSKQuXY4bJ9x1q1MnluWiTHwdoJ696YWAOEJz/s96gDZUNjAH61IjOM9Bg9RTcrsOWx
IkjZIYEYPOacZAh2hscZwBQ8alRsPJHLHvUY3KgJGcnFN3joLRk2VK5yOOwqNpxgZOf6UrpnHY45
xSG3xggjpzmk+boJW6gZGKnhj707zXYbQ9MeNht53AjgelIi4YdCVPSneSdh6WuPAYgbhk56DtUc
kmJNpGOO4qzgoNykMfbtVV4WyGJyw9aJrlQRabJQF45+ntU6kY2gZPsaqhgBggHB6UBwHJXgHtRG
aiDi2Wj2wwpQcAEnIP6VEu055zn1p+MA46e1UpdSGiUPkHBxUgOD7VTRsZXv15qQzHIHaqjVW7Jc
SyG5IJFPBz0PHtVT7zZBpNxQ7QSD7Vsq7XoTy3LTsV6jJApVbI45NVhKxxvwCe1SednAA4Hp3q1U
V27kuJNux05pQ2CO30qDevYZPt2p6yYODxWiqXe4uUn5PWjPNRGQk8HgUokPfpWyqq5NmTFsGgN1
H8qi34600PnpTdewcpPnHTrShjnFRBsnrigEhiOv1q1WdtGTYlzk0cAc5/Cm57/ypN2Twc1oqttw
sSK2ByKbvB55HNIGyPamBh9abxDskFh5OACT2pg9TS5HHNMPX14rnnIpIa5zn2pgyU3ZH408nAPe
oXLM42gY6c1xzkt+paEx82SevFM3bVyw46fSpJPl+Xv2xTHUggnB4/KueSaKRl67CZ9GnTHONwz7
VxKMsYGcH6V6DMN8DIxGCCPrmvH7zVBbXU0ByGRtvA9K+n4frpxlT7HDjo2tI3nu1UH5iW9qiGpA
EDbkg/lXOpqiygnPU+lMlvMEFG5Iz6V9Keabt3rW37vJNY76pK+csQCe1ZbTysSMnFWLeL94oPII
4oQmaIu5sdP1opBFxRTFY6e8b72FxWHPOFzk5Nad1IxByMc1z97Jt6ZGa+Ze59hFaGbdzsZjjNN0
g79dtWZdyI4dh9KqTz5Jz0JxUYmaE74jhhxWFS7TRWx7hBqEU0akNjAzgUFgZQ4OASOleO2PiWe0
cJMu7n/WK2OK7DSvGfnwlTIu0DLiTv8AT3rxauCnHUW+x2bkYVeoJz9alSYRTCEZLMu7j06VkQag
tzIAG46DJ6VrKcAhiARxkVwyjbcGiwHUkKMDjvTgwxkHpVQtyMfMM9qAxLYJyM54FTYViyJMg9Mn
1qLrkDk4zmkPrkjJxTRL5QIKqUPJBHWhK4vQkVjzzkD0PepkKk4ywHfNVAd2SBtBPAz0qZJF/iJI
H86OoPUuB1C5AHAxknpTgVckbscYyKoSXkSkGRgpJ4HrTxOr4wdy+1WpWI9n1LZZieTnsOOtLn5G
yCNp5z2qv57owKvuI46VG1yx3hwWJOTg9Kq6FyvoWnussCACB0qw4bYNighuTjvWaZY8DBbeBlhj
g0QXckOVAJDHoD0q4Ts3zdSXC+xb3lct90egprvuwcnBqoZd5yxyx54qQSbjjAz14rnci1EfIWJx
nA6/WlDAKMZB74qPPHHb1pQ685HX1qbtsq2hZQ9Rg4qTcRwoyKqCXAJBAFKJMkc5qlKyIcSw5Ygc
An+dKBJJ8h2rnn6VBvAAByR7ULLgPnkkdacZJvUTi+g8zMuUBGf7w70iSFScknJqMMO3H1oJ45qV
NorlRYExzgKc+p704MTkHg5zUCzlQMdjSl/nJycH3rRTur3I5SZm5yARg4JFO35UfMAffvVeWRjl
VYAY7d6VW2xjIXPTBq+ezFy6FkzMR8rAH+dOaQhAx6Hvmq8bLjkZ78UpXf8AdHB9e1WptohxVxRd
KcgHOT1xU8Uy7fmBJ7cVAbdFAwcsD3FIkzHjbgD07U41JQfvA0mtC6jjgZIY1IBgdePeqPmYBBxj
vmmmbJxncB6mtliFHcj2bZf3buNwAHv1pxZRwOT7VTjuN3Zc+1SJI/mNmNcHoe9axrpkuDROWwOl
G4Yzgj8Kg8/DEPng8Z70wz7m5lwvYA9aTrpAoMseZzjB646UY5qIuVXOQGPAqNJWlyASfwqZVUnr
qwUepLnjGAPpURfDEDgdfpQNxBAHygVE+QCD3rmnJ7lpEsz7nDdDimFs5HfPOKazfIFPPPFNi5Yn
GR161nOTlK/ctLQRxwCOecV434o09h4lvADhGfd9K9nmQAgLxgYwK818UW+7xBMAhIIB5r2shTWK
cfI5cbZ0jkI9NZDle49aeItrcrkGt+KDMZG0AD1qld2e4hhx/Svt0eGZixAlsAgZqWGGXzMpwKuw
W/8AF1x2IrSht1GGPX6dKARVWGXaOO3rRWv9nX/IooKIrlcE4bqawdTT5SccityVsk9z7Vk3gMoI
AOcV8y0fXxOWkQ+YSBgZqORSAc/WtCaHaScY471UlUlSRzgdhWTHIzZxkEY61WF3PagmKZlDcMMc
EVNctgE9qoO2FIJADDNXBGbZ3HhHxIARE7MZB0z0P+eK7OPxEhAUsQy9eeleEi8urCbzbZ9jA+nB
rs/DF1pOuSCCSJ49UYZZSxKTY7r6HHaubE4CLTqdCo1Fsz1e21WKcCIyoCDgZOK2FbI4IAz3NeZz
aPcLIDBdyWxUY2lcipLfUdatrgw3IV4QMq8TcZ9x1rynhVLWDKdj0kHBB6beu71qNyEZFYEM4wMD
rXEJ4snjicXEDKQQMqc/jWkPGMBkQ+eokG4YPcVj9Vmt0TbsdRJ56qWBVgx28Edqc7MCqldpxyM9
aw7bWopSVDA458vdjHerUeoLLG5DHg7ifSs3Ta6Bysy9Ve5W7aLdkABsGptKublZo4JVZQR1PSrJ
8i7kDEFnH95uTVySe3OTuYMBkBl6H0q7pq1i+fSxbUu0ZCtkBvXpSAYViRxjK5brVOOYyxTDy2Vc
hgQeCBxTJ57eNkO8sccjsPpWfKZmgHQR4P8ArSf4u30ppiUgkSqWAzjPIqkb+EMWmIbbx5QPPtSC
ZTITuYy4x8vOSelHLoFie4kEQKfeI75qVJiWGSp9cGqBLAhXiddpwwz1qRN2X8pSqZ+76VLjoM0l
bJ4JpWKkfxHHoKqG58qFdvEnQ96WK9gIKvIyvn86jlYF4bRgquOO560hPynrkVSSV5d7KQNnXJqQ
N5pKKysAN3J60crAm80HqelAmGMd896pCZdvQjHXNTD5l3RZ2nilyhoWwylST2pwIKls7cdj3rPa
UqQDgg9QO1SecpII6D1NCVgaLQkyTgY+tOUgZBBJ7c9KpBy8mFwSPfgU9LuInBYZzg0crQWuWgDj
OOvpSk5Gc5qFZsgDOKkyMcnP0pCJo5WzjACj2qwHXAwCDn86oh8DAHP1qyEdUDk5PZQeta05S6GU
0iV5cLkYOKz576OA/OcHNXYoJMEvuUdeaWSwtr1PL2hhnJIrRU5TepKlGJkPq0AyRKCadbXyzsdh
JI4qf/hG4IHBYAr79qtE29uNgjGBz8tEqPLpLQv2iew6MEYLAAH1PWm3M7jGxwBioJHWUkr5i89S
OtNSMZGCCSM1m5OKtESjd3ZIjyTKCWGBx0p2Gj4ZcE9Peog5jOOhznB7GpGuyMH7o6VOj3KafRDx
8rne2WA7mpBcZ4ztB64qoJVbGSSD3z0pQcrkAEk9qXO1sLkT3LhkYKMbivp603cZMc85xVeOTDbd
xzjJA7VK8oABXGfenzOW5HLZiynBxncPWkjYjAzgAfnUZO4AADLdT6CkUhCNvzEc8CjW9yraErNn
knk81ymuwqNRDtyWQY9K6QFmJ+UEjtXL+JLuCe5jWIgSwEowB6V7WRz5cSr9TlxsL0nboZ0ka+WQ
vWq6WzSggjoe9SBmAyBkVMkjAjC4yc192eBuRGyWIA8DjOfWiAAuABwCR9asmNpexOau2mlt5ikf
jkUXGlcg2NRW99iGP/rUVFy+U4yUYkPHOfWs+eMkEnj6VcuSyynK9+9VJ2+XrXzrdz6pGLdrnOOa
x5ZGjJKkgg9jWvdtwQMjNY84OMnkGspIbM69YnLE5JOenWstpOTn05zWjcnggdvSuh8H+Df7Vk+1
XYJTPCkVSnGEbyM+pw0kbSk7FLH/AGRVrR/7T0fVbfU4LOVzbtuwVOCO4/KvfbPwZYWseYLaPOOu
KedEgUFWULnjjvUvGtK3LoQ7M4Cbx4bmNFs9BvHY9ftDhQPXpzUUHiO5uJvKn02O2H97eXxXWT6F
bxyEKmcHI96oPokDSAMo2g5wBXD7aitOSxaT7nPNY3OoXgka+drQHKxoNqtVq4sI5VG9AcdCDgj8
a6BrRYwAFxgelUpYNpyByazeIcnoaWRiqjWcglgeQOp6lt386q6p4pns7Mm5k3DcNu04ZsVo3q7V
YjkGuG1ywku7rcC5PTB6CunDxhUl75Em0tDrrX4lWl3lZfPtWxjk7gTXQ2PiGK5VZorneiDDc5ry
eDSZWQIgCjvx1q3F4fIIJkYEH+HitauEwz+F2FGcktT1qLU5BcTOJ1aNIt5weMZ7iov7Xcl5g6At
/n8K4PTZbjSZZmiHmiSJoSkrEgZ7++Kz7jWNWiuAvyyKpzlhya5lglJ2izXnR6BPrktnv/dOsu7b
KS3Bz0xW1YXonkSFJvtAxkNEMZz/AFrzOHULsbwVVix7mr0OsX0MZCqqgElcDlc9xUTwqtZBzHql
pcW0tz9nd5FOMYByd9aETLFkPkMOMe9eYad4k+xAks7E/MfNHJIrZHi2dbSS5idGIjywbnNcdTCy
vZBZM7MlWlIJA4yPaohZCdgCwJJ6jtXJ/wDCRwShD9oRZCd00gb9F71aXWtPJQmWYM3BA7Vk8POI
W7HST2RBDDJQfLgNyarDashAVjg4Bz0qhFqMRmxLOwJ42scVZXU9PLkhgATjhuKj2ckFmW4bhUKe
dGsi56A9ailuJWkIiIVc52jtQk1vcEhZY1YdMGpBMwjlMWWGMElaVhW6iR+dKuMNnGeD1quC4kwd
2PerDySwqhltxzzwaezRTEtEpAHJpbAMDseASFHp3qVCxjXEQKg4Jo8vfITFkquCQe9I9zCWZlIj
U8BTUjROJ2QDcpCnkZqdJlPVhnHc1ng7wVFwCFGVyaeJ/tLZfbuAxkDpik4gaMVwgY7gCAMfWnLc
4bgBcjGVNVAuFLFRgelAmycAYPpU+SFypl9bh2YZm3KRz7VYiufJXhjhj2rNDPvAVc5GTupyQyzg
KVbDHHHaqTle6M3FW1LUuo5U7WJ57moRcBwAQuSecmoYrLyoQCylwdpUN0pwVSASM5ODSle+oRSt
oSKwUktyCcYz0o37ec8jmmsDnLE5xjntTYmXuOAeR3IqSxss2/k5BJyCe1RBgSRuyT6ipXKhmwQE
Bz9KrQrL9qLCLII+8TVLUuLSRZFxgKuAARjlad9oiGctgMc9KDC3Ksq8fpURCwsGba6E8gNylKyY
ronTaQWGcHqCORUyZJBH0ORUHmLjfC24Z646j/Gmm+gJCq42v3Pc0KJLuy1jYN4J4GPlHf0qLzNi
oWzszjrSi7igJMkhDKCSo5249a4fxH4wgtSyQTKccjc3P1x2BrelQlN2iiUr7nVajq0Gm6bPcSyh
VVc56ZriraeW9k89xkzfN061StDd+ItOYahj7BMmV2t80ynpu444xXQW0UEKAAgbRjmvrsmy90E5
zWr2PJzDERklTpv1L1tZKVyV561MLBQwJ7800ahFEp+YdM9arT64q4IAyK97U8t2RsxQQKATtODV
pbmCI5GDXDz662SCc5GTg1QfW5SMrK3A9aXKHtLbI9I/tGP1NFebjW+P9e/50UciDnZt3tsSSR69
6x7m3bBGB6V00sysSBjJrKu4eM4yfavndD6pNnK3cIVicc9OKxroAAjpXS3qHB+Xmueu4W54zUMt
CaJoLazd7WO2NSMk969r0LSrXS7FYgV4GOteW6DefZ5lC4GRmuuGrttIHU15derPmE43R1099BEj
AcYHrWQ94jAlm5z2rIjnuLyQBQQp71pjTokUFlJ9STXLOtJ7iUEivPPuAWLBY8cdqEtiBjqTz0qx
FaqrcAc1oQ2+7AxkVg5t6FJWMSS1OM4wRVCayzkFSD2rsxZREEbRwMnFVbuCCMYVeR6jpXTClK1x
c6OAvbGXBO0n6iufn08k5Kgc557V3t5cxAMMYzxyOv4VhyJ55GVwBxxW0ZcpL1MGCyAOAvWrP2QA
AlcD2rXFiQuducegppgYHoRxVOtcpIxXtecgA96qXOlpcYDpnByM9q6JocZIyeKgMGOcE8VUazWq
KsY0dl5fA6inNacYxgdK1xBjtSmA44BOaHVuFjnLi2MkZAOPpSxWTeWDliDgcVrz26lskYUH8qtx
Qq0YKkEH3qvatILanOS2WOdozj8qqPE8bAqxBHPBrq5rUHI24FUJ7POcgHuKqNUdjHE85kUszFlO
QSx5PvT45LwEu1yS2c9OlTPbFSeePU0CLtnIFacyaEXrfxJqUXkxSCIooKnC9ff61ei8UvGhQOSp
HQcZrBaE4BBGev1qRLbIHfjNZyhB9BKTR0r+JmaBf9KAfGQc/dHpioLrxUttMP37SIi/Nxt3/T0r
GGneYNwUkfSrUOmNIAuNxAJXPes+Sktx8zHt46X5GjmKoeCAp+X61OvjW2G5w0kobj6t/wDqp9np
8TgxSxIQDzkVJP4ZtpgWgVNw4+7Q/q97NDuyceKbS4PmqoWHGP3TZwafbeLoiHiaFgEOTKp5GfWu
Ym8L28BI+z7D0O09aoyaO0GQjOEIweetV7DDy2HzHo8fiSGIvmXcoOOe9XYPEdvKF2yorOCRkda8
gGneQVCSyjBzwxqdpruL5hOUYdCfWpeBpN6MfN5Hrn/CT4BliOQn3iBkCtK18V2wQRl0Bf5sZ5U+
9eEWWtapbb2KxblONu084/Gr1z4u1u9J/dWVuSu0vFFyaf8AZrTtFkvkluj2u+1K0MsEslzHCbk7
UzwHbtzVZNU8mUwXB8tmHy7gOTXhd7qus3sKR3OoO0a8qgXAHag+JtY8iK3laK4WMbV81c/rR/Zb
a+LUUeVHuDaxEQQzKzAcqW2sBVafV5bMFmQlScKeoP414tLrupG381pUjbIXaF+99aY/izV3Chrk
ME5UFeKayp9Gi1Y95TV7eWU7jM7Kf9WoHPpzV59atFIJlySOV9PyrwmHxXqbjbHcpAxH3oogD+fW
rSeLNXlP7+/LgfL80S8/U9ayllckKyZ7bPewbXZJSEb7hHf2+tcze+JbSAOoHkzY5J6gj261yTeO
tSktVhEdhsAwZEhOSPwOBWXDYPrExnnjSQA5JY8mphglB3mL4Voat/8AECGMbYrvY4GNgXcCR6in
Q6/4p1ZIjBbPIJIxkqvloAfduuPb1qv/AGdZQXA8q3jjDnOQoya7eyt1FxCVuCyLyrYxWs50Kcfd
jf1FeTM9tE1G6sIYVmW0upHzcTLKTkZ5AA7471WuPh7p32hHK3U7hg2J5ywYj1A4NdPcQSW4S4Qu
UB4INX7G6ncE4VS4/iHauenjZ0pc0fyFUgpxszn7rQ9Xs4QLa1R1UYWKE42gdgK5q7vdQsiDd2tx
bg9PMjIB/GvXLe8UEo7bh0FWriKzuoTDPEpBGNpGa9vDZ1Nr3rfkeNVwEU9DxIazuHJBzUb6kpO0
sCT6V32s+BNKnkLRW5gVjw8DYx+HSvMvFeiT+GbhAZzcQSDKylcY9Qa9XD5rSrS5NmclXAzguZao
fLerucbssTjpVCfUNvRsGsC5vZWH3zyc1l3N4z5+Yjjrmux1EtjBU2zrRrTY+8v50Vysc7eWvPYU
VHtTX2R9AyAiQkVDKcrk/StG9hCksOvWst2yD2NeC1Y+ivcybsZJB5+lZF1GCQoGSeOlbN4RjOBk
fpWDdtkEhgGHrTeiLL2l6BAwM8+ohADkBV5PtW/bWUMM+3c0gIGCw61m6ePK0aGVVWS4A6nnNT6f
PLPMGc4I7V4tZybbbNLI7y0S0tIRtVZH9SOlXEPn2sm5R16isSzBIAZsjNb0CqYXKghcY5rnhUcn
boZSViiYsEY6GpohhSe2cUOBkDsaeOBjNcsXZlN6EbzMkpAClMday9QuDtIDZzycVelPByMkVhX8
6wg5OAeK6o1pWsK3Uy5owWJY4BqeKBRg4wetUTOzyfLwo6k1oQHKg56jJzVO9gViwixRDecH69qo
TpvckDAz37VdcZUAZxn1pscSlgCuQe3rWaZRltb8e+MVCYeSAOT1HpXQvp8pAAUnBqobXBIPP0rR
TGZYgwAepNBt+uRmtMW4646Hipo7fzJAApOfSjnGcrqMPlR5IAHfJptteWwUKHBzz06Vo+KQkcMM
UZxCyBn56n3rj52EOGRtvH8Rrrpx5ogdNJMhzgg8Z5qs8itkD72O1cxJrsEEZUTxyOBn5D0qjb+L
VLFbiLBzwfWt44SbV0iXNbHTsFlYjrimGIAZFN0aYX9ubpRhXJAz7VflhwCRxxms5e47MDPEfzAD
/wDXWjbWe7HGR796ZDBkjIwSex61q26qoHAxionIEri+RFbW5kZvlHOB3rmL/wAUNaSlYLIsAcbi
1dPe7TAQQVI55FcTqjQRAgtnIqsMlJ+8rky8iVfHFskv+k20sDf3h8wrorHX7a4hEsc6up/iB5ry
u7ktrosCWDAfL7/U1BpepyaZORuJib7yj+Yr0p4CE43jozF1nGWux7EdbgkABG8HjGKo3sqtCGRS
Q3OQOlYOkail1OPLkVlHI29a66yKlXTgwzDaykdT257V5s6SpOzOlNNHNR3EM5Kq3zA44706ex3q
QR1Hbmo9f0C40u9M9sM2+d3psH+FbGmPDdW5xgkjHFbSdkpR2Gc8NLZcGIM3HOarSWOGIK4YHP0r
tItP2gkFsk55qC805gPOgUOwGDGR1qI4nWwOPU5A2TEgOFyKgNh5ZJGeDnkV0dpCtwXG0q6nDA1o
rpIaPIKEA461q8RbQSOUS0juozbTtgnlTjoayLvQLq1DMCGVfSu9Gh7yWDYIGeRUEthcBsTfdHHP
aqp4rlejCx50jeUQAxznoR0rasShxKxyF/hHerF9oEpnLr5gI5wq5z+VWLHwtMtvHNO25mzmJCcn
2PeumVanKN7klpNKgvY/tNqwXPB2nANbWnRT2sYE7bVC5yq/zrV0LQVsYtsuwysNvDfcHYVuDTYy
curFcYXFeTWxKvy7otGDCqSFfNXeQcrit3TZpopj+6JGMrgdKH0faqG1CI6joehptsbmCTc9vNGE
GJGB4+tcspKS0BI6RpxNa/Z2AAA3HK9TUXmRA8qGUDoO1U31GBYwLmRSrDgnrVi0ktrqQKWwAODj
rWHLJhaw4TqsgZdxAOeO1btu6zwh/MAbrgnrWFdpLBKSsYcYyPLPA/Ch7zMSRbWLMeuKqFovUmUe
bY0NSu4baErGRJNnt2rzX4jX0TaNFEXQu0m4IRgiu8Fu5jZmQAA8g9TXi3xA1f8AtDXniCjZb/Ku
O+K9DL4OriU7aI58S406LRx8pJB9B6VSlj4J5Ax3q5I4AOVAI4+lU53zwTj6d6+uPDih8efLXnsK
KdGq+Wv0FFBqfTs4VsjrWbcQKASRirrMNxHNQyxGXIPArx2ewjn7iMYI7HisS5hUk4rprmDbnuOl
Y89vnPbvST0NTOttUS1hFupZmU8jHSr2m3WZxKx564rFv7dopDMq7iD8w9al07U4BMMhhnnDLjFe
fXo2vZFJ6np+mzK6gA8+9b8TfuSox7YrzvQNbWW98gjaSeM969Agb92Dnt2ryaidOQS1QjD5h7U4
j5Qe+KQ8nJ4qZE3jAPIFY04uTsjNuxn3AwCTxiuS1lGnYIoPXPTpXbXNnPKCAv5mqX9jxHMsrIqZ
wSQc/wD1q66dCpzbDc1Y5a0s9sYDYPr7VfihUAkDPOOa6SLSoDIF2qAOcnvU4toEYCMJ8vQhenvW
rw83q2T7RLQ5qWIrGCVxk8UkUY81T07cVq31vgE7gR1AFZw4x2Fckk4uxojQtpvJIGAATkk9zUEq
rKXIQKB+tELB+D3qWWMBmbd8p6AdsU3NyjYFoyiYMHgYB/So1YLICCQUGcntUk1wqAHOSaw7+/8A
KhcnGepzShFyZVyC+P2u6dsArGS8kjf5965PxHLbiySW22M6EnBOccV1Gsq1t4ZdoVZrmUqevXvj
/PpXl99qtxJelbiTcDDsJUdcHjOK9jB0ub3k9gb0MOS1ae4AA2BkJyTgHHNUYIJZpCq/MQM/Sum0
vR31CYtcqXgVS5CuMhc8kCsq7slhlja3YyRyDKsB15xivbhUXwnLOld3R2Hgm5Y6Y9u4G2GX5WB6
5rrHwQAwGRXE+GpJrdZxIpRhLkgjFdXHKsuDuBIOOe9eLi1++bNVorFmJQDkc45yRV9QojGWwKoC
bysjBIPIxVHUtaW1tWZuDjoa5eRzdkHNYsaxepHCFBBbpkHqfSvL9VN1PdsWYneTtUN0xU2p+IJL
qN1hMqYbBLY4H86zftUDPHkylAMtuPIP+z+le3hMI6SuzCVdPQpFWwCehppRjjIP+Nb80dulpbyD
7NKbgEyKhIMJHQEn1FZ8g8wgA5VT8pPpXbzWI9lzEMEs1rKskEhVgeCvFem6Dq0V/ZKCcORtYDrm
vP1sM2xJDCUHoV6CprC8uNIuNytlWwWUHg//AF65sTTVZeZ0U4uB69YsrRC1lHn2yjYytznPPJrL
uNAbRbs3tg0hspGwAT932p/h/VbPUbEmNmVy+Wz6+hrpbC4ie0ltpWwWGBnoTXgzlUpScTpWpStZ
1nUYweO4qyI1POOazpoJbKZXL5QnAz39a27W2M4BGSCK552WpZh6hpSykz2wWO5AzkdG9jWPBq5J
aBotrA7Wz2NekDSFjhDEHae+OlcD4y8OToW1HT1/0mP76Af6xf8AGt8NUjUfJIzltdFyzmycRYDd
CRRcqoJLLnJ5xXCadrVyCCwJzyAp61vxayk3ByrgfMDW08NKDJjK5uWUKiRmPAPANbsTQCEEMuFG
EwcYrItYRLCGDAAjIpsm4nyWYEdK5JLmZZvCe3ii3MoDHnjvWpZXNrLENrBzjPPauLkhyojlbgdC
Gq9p0nkTZRjgDBGetZTpK17gjvrdYJRhlUjH3iadd6fiEmHYcg5B53fUVzkepY53AjOcGrsGrRSA
q2QD+lZJ2WqIcJXumcp4l8KyGKeeBZApGHjDHMf+0teXC+1rwldq0ssk1m5wMNx/+uvoC91C2lgC
seQNv1rjvFfhZb3RibaHcWTcQB39RXo4TFxjaE9UwlFzjfZmdofiX+2Ig1nqJNxjmKRcE/410Lya
g0GTeiNl9V4+ua8BiE+mXp2M8c8bHpxjFaF54k1fUIwtzfSOAMYDV6FTKuaV6bVjlWNSVpLU9V13
xulvolxFZahBJeLwWIPOeDt7V4/NO00jSs2XY5Oe1QEru4ABPPJphfAySQcYFehhMJGgtNTgr1XV
fYbK2SQAOuOTVQjJ55P8qlLHrgDAzz3qInOfmwPeu857FyMDy147Cilj/wBWvyjoKKAPpu8tGik3
KcikSRZY8EYJq853KQTzVGVfKOcce1eS97o9hMqzWnJJORWFeReU2AM5rozIJV547VnXMaYORkGo
aNInJXxByOueelc1eDcTkDHsK6nVLdhlk/KuehtZb+9S2VSHJwcdqzm7K7NUL4c0+9vNUhaO4dUR
gQa9yti3koG4IGDXGWMK6LBi1t1Zoupb1NdbYTNPaozgb2GTivExcnVkn0EtEWWlxgdSTitGzTbH
vkJAPasKa7ispSWO5xzycUDWBfsBEwDd1BowqhT957mU03ojopLhCMBQ2eOajlmjaM9ZO2wGsiIF
yNzAjHpUgcjqDkdF6Vu8a+pCpInneeU+WIpVX0UYz9TSh/s0RQsryY6Dt9TVdZJSSTKVGec81Zit
1YjaMseSXOc1iqrm7x3Kcbbkco82EsMEAenWsmWEjjHAroJAqxlQeCfzrPmjyOF4PP1rGvFpmkHd
GV5vljGaguLnCgBuv61Jet5QJyMkY4rhPEvjGx0iTyJd8s458qIdPqelPD0JVpcsUOTsrm/eXqgk
Fhnp9K43xNrqWcIgBVrqXiNPc9z7Vx+p+O9SvZCLVRaxn05b86z7Wxv7+QXwimlZHBaVjxnr1Ne5
h8t9m+aozn9rzaRPXPFFywsrW2DhWSIzH3wMf415Kt6gupoBkRO5+c8nFdt4j1O6lmb7OV8tlVCz
MuBnqG7jNYunaf8AZ9Zt1uLdNkiiXdtIwvX6GtMNFUoNs2k72SNfS9GubKO4trm2VGuIsKW7r/e3
dgP8aL3R7bToLGCOWN5VlwCBjKnnOD2967LyIr0PcgRm2jiyI1b/ANBH+etef+IDqGvXqXUcYtgw
8plPy7QpwBisqdR1Jb2RpayILq7jsrgx7ZN3XCrnNKniO3UhQJifTZyK0tQtn0+0gmdPmb7pIzx6
j8jVG3ksZ5WljZQW5YN2rRcjjdq5lLckj8WWsZIE+D/tKapXutWV65MkilD2Oea05dK0+/i3zQj5
Pl3xcH/69Z7+FbaKUqUkYE4DFsYpw+rp32ZNmc+NOhmVlj1GIIxyFIxViDw4oG/7dCTjtzWi/hy1
E223N1u7Bin8xUAFhEHU284uEGCrNnB/Tiux1XL4ZEqnHdooNpF9LIQkSNg/w4Gang0LUwQwtsYP
Rq07XTftRGLa4iOfvhjitOCB7YlZLlwAceU7ck+g71lPENaI05bGPLDqUKK2wNKBtyBnI981HFpE
91ve9jjgWIbnJbGAPaugMM4uMspSA8DK9Pqawtb1lXR7CxZwrHbNKeC3+zz2zUU5ym7L7yZNIpw6
7Fp9xG2n2wVeA+Sctj/PWvQdJ1u31DFxDK7H7pBHT6j1rzGzsTNKUaNmAB+VRyTU9h/amk6h9oSz
mQZw0RU4I9K0r0KdRaPUinVcXqe6QiLUIfJlIO08d8Vo2StZMsRGU6BhXB6Fq/mqkq71z1Ruq+1d
/ZXMVzAASCG/SvmcRCVN2Z3p3OqiVJtOGAD2PtWJqenYjJHK4yKvWUptSDyY/wCIdcitK6hUx5jO
UYZ/Ci3PDmjujku4Ts+p4N4r8PvpRmu7VFFizb32r80Ln1PXaTXBTLdiczRu6kd6+mrrT4pkcNGG
VhtbIyCD2NeZeIfBbaYTNAC9mx49Y/Y+3pXpYTHprlnuVKCvdGFoPixVthbXikHHEqj+Yq9e6rEJ
IzbS+cxHVR0rmrzRpYJCVRh35FWNMuNoxMOR04rWpCm/eiXzNKx0sWtbx+9gbPTir1rqEAOA2CfX
tVaxgtrtUBIVj79K0p/CW6INA+SeevWuGbgnZ6Duywt3jqR1qzDKxk4Ix1471zdzpOpWjBtrMq+l
T2WpGGMLKpJBx16Vm6aavEammzqwDJnaecZqbStWUXP9nTc4GATWJBNLdygxyqi55bP3a2NEs4E1
e4Lt5pYZWQjrXPOKUXc2SVnc8n+JWkppnidpI1wk3PHauMBwxGPpmvT/AIvhRfWpBwfavMtuTnGa
+qy6o54eNzwMUrTdhpJJORkioyOCT+gqXaMHNNwwXBIJJ7V3mDKrrwSR0PbvUJDcDA61bkGMjJJB
qswOQQcY9e9MC7Gv7teewopUY+WvI6DvRQOx9RXAYEsDnmqZnycMcH37VL9oJJB4GcVVuoGILKOa
81+R6q8xs7KPu8En86y5Z+oJxio5LqWFirqQT61WlnVsksCMdjWbd2arQpXx3AkYAPFXvCWmqZ3u
nUA5wKrzFZY8jGP51oWGoxaXorzn7yZx7muPG83JZdS+hZkf/TpwVwpc5J6Ct231C3trRjg4C5DE
Yz9K4eXVmuLKOWZuGblV70XutRXkaJmRSOAC3SuCdO6SQltcxvGPiyU6l5cTYAPCg9frW54OgZZR
cMzkSAN83r3rBuPDFtqV/b3NxcOqqQW8rBJ/Ou4ttT0aCF7W2YkwDccjpj3roqKmqPLDcXU6yHlc
A/l3p/l5zxWXp1+s8Kspyp6Ed62EbIwa8qWpT0GqnIA4xyOOtXkP7sgMAB1YDpUaLyCQAKW/kCQI
inAbjg9a2pe5FyMZu7SI/P8AOYJBGWbP3iOlOnAjjZWXLAdD/Oqst8lvH5cRAxyzDuax7nUMsWZi
Sx61XtUlbd/gCg2yvqjHyzwMgdq8o1zws2qa1JdS3KRRkZ2gZY16HqOpKASGACjLE9q89u57nV4d
QvrdZNsJ3LMDwvbH1PP5V14BTi246GkrWM4aJp1szqEXYBjz3bv7VmXVxfWOFAAhU4DKvA9DV+0g
+2K/zETKMgM33vWptSK39qomZInhXGGbg+3+FerGXvWlqTYbZiLV1hu7mMG4V8Tbe4PRj/8AXrY8
qS515VaOUC1wpWc8lR6dh/8AXrmNFv20u4mXyhMk8Zh2s2AQa7ex8RXWmiKQSR3UYhDyzMvzhAcY
OfwqK6a2NI6G7rFlaWejWsCrJtEW5/L4bcTkD6CsuW2a/s0lEWxBgYP8Bz1/CtFPEdpqF/aO0yMM
7hC3cd/r3p+o6isWnuSsK2yrnJPzkA8Fvc15t5q11qa6JHL+JZ7GKeHTIHmLohYtPLlmY9DxwK5C
7t2t23XDBCrhQyj9M1p27x394b25jjlhu5mTzS2GhbHC/THSrV/oINo32aU7GO51l/Lr7V6kWqTS
ZyS1dx2nS4tBvYmZcEnbwaulmmkw2SB3FZ+jW17asIzbsyKMIGfI/A10G2IRJLtaNm48thz9a5K7
Sk7DVyC5037TCGXCgD86z9O0Fprx5bnlQccjsO3vW9BOJAEiUlj+tTvFFbx7rxyB12qf51gq0opp
Duh7zRQWQtbZASARnHSubgvINKvZrgwrcXOfvs3C1Nc6rcXEbxQKtvATj5ep+prFvYZFt5pUTckZ
G/8A2c9K1ow6PqZynfYo+INVu7tXkaZgGP3VOAv5VzoVnBO8l25yT1NX7rM42htyn14zTrS2VDgK
Nx9T0r1INU4WMdWzqNBs4YArlcu3LMT0rs9PEHlsssCyswAXPY//AKq5Gx/dxKQe2PrWkmoAnylY
7m44FeVXvJ3OiNrGjqN/GxMQghDKciQD5h/9ar2kX/lgHPI45rnJll8wkEsxOeat2RxyuSF4+tc8
4Jxsawny6HpNlfrIoXcCPfvW5YXRilAY5iI+6a89tLiW0kRZeA3Iwa63TbgSjBbOB+VcHvUZqUTS
pBTidC1swcyRBWiYZ47VTk02KdXyoaNxgqelXrO42E4OR3HrVwiOX7hAPoe9ehGnTrR5ob9v8jzu
eUHZnm+paDEkrIyKUYcEimafoOmqxZrWHjnla7TVbAyKBsyCefb3rA2iCUJISFJwHC9PqK46ntIP
lZ2wkpq6JW8M6XdRBvsSAdd0fBH5VRfR77Ssy2rtc24/5ZN99R7etdXorZUbiNrfcPZq1Z7WI5Yj
rzW9PBznS507+TOeWI5ZWZxNlcW+oQ8qpJHeue8S+HVWF7qyUBwMsvrXRX2lG21gz2rbEc7pBjjN
TajGp08sWyCMVyQbhLQ6YtaM8VinnjJIc47iu/8ACniG0AFvesu8qPJde1cQ0GJph/CzEjPfmqkE
jxXaJ1ZX4x2r1ZwU4noypqcLM0/i6GN5YOQCGAPSvNkHJz0HTPFe9+LvDC+IvCscpXF3BFujPpXh
DRSxF1YbWU7WHoRXo5VVjKlydUfOYyLU79CMns2PXNRMeMA+3SpDzkngj1qBicEHOByfavWTOOw1
27+2OKgJBGDznngdadnIIGOuelNY8A4HT8qdgWxcjA8teew7UUkYPlr83YUUDufSaSZfHbNXoTuG
MZFVvs7Ak4JzV2ICJenFeZFWPTbKeoWSTRkbeTXDatYXFsSYs46/WvRwfMJOOKzb+3WVSCvSpmky
4s8sTVZROIJVYNnbXQ30Hk29swXzIByy56n3o1DRIGu1lI2gHJNWpdSglItoQDjA4rz8VJ3SRvGP
MjK1M7TEyKBA43Jg1jShlkBLYyMnmur1yyWS080t5YWQLH/tewrNh09popCZIQ5Gf3pP9O9REixl
QXpaIYYhh6twKuWM0sszzG+jMSxFDlchO+MDrUSaRBcy3JlfyUSPCgLyW9MfnToNK+xMqW87KjD5
yVbL+gI6VqlGzsDOp8M3kgIilnEzMN3yjhfavQoMGPcehrz3RhFYRkfZDJL1YswBUeg9a6Sy16KT
5SojcchS2f16V51ek+fmSuO90dIZDGRtAJI79ABWFqV6ZrvercRpkA9s96s22orcmRVYMwQ9G6Vz
E0zJeXSZySN34Vjq1YIxVyGXXN4YbgCDjg1zWreJfs8m1dzkckCq+pM1tMT8xEnLbeNvvWN9hnvb
rFiJbp84aML836V6FDDw3ZbZaGvw6uXtkSQqqlnRjycVD4Y1b7G76fPEZLWU7VDDAZc8fiKU+G7z
QdQN1dJJbhw4jlkXaj5H3cngHrW7pml6lNIJvsv2dWbcs0qhVYEgjapyfUdK9DlhBNR2MOa5iLZW
8+stbKzKHAaHPfPrXd2NnaafopsJLe9juUctNNBIpicnoxyD06Y/nWVLo5OqzTyywPOqkw7eh/2c
nritO31EwaS1vOSxJ7DuPWuWVZxvyjcb7nM6n4et5CVgCKx5wTjFc7Mk8bvJHJ5khOJAe4HGD7V1
d1eLKGCAEe/euYm0+Se7DrAV5/ibrTozaXvMspOzxXKy2b/ZpBgqEbo3tTtWvfPt7axWaVsJm6AO
4M/qP8K37jQpbgJxGG7FTyKydT0ptOG1TBED3LdD7jrXTTrRk0upLuQaToU1zcKwk3xf3Su0mvSb
WzgW0IdgSgxXDaJN3up5iACcQR4Dkdtx5H1rpbK8ik2KBIqE42gZz6cn3rlxfPJ7jih09wRGVRSA
hwAO1Z9jZ3t1qbNKrCJRk57n0rrNN0yIxPNckslvzJtXj2A9TVXU2lYLEjLbjdkxKeQPc1yKpbRC
bsPjWGyww2Bj94jt9Ky9VnW8kMUONg+8TxmrV3ayFUbkqVznPSsy7k+z5UKSx5qYR1uZyZAIFhjW
V0BBBCAdB7msHUpgYJ44cosuC5J5OK2Q+InLMc4zyetYlzkxmVlwOg967qO5mYCR/MkYG52Pygdh
61uw2axFSxyQO1Yxu4YrjIGHzzgdBW/psxuVwDkgZ/8Ar111m7XsNKxMUacgMSiYzwa1La3QlZV5
28UtvZBmUE5BPJJrcsNP2qPLBI3dq82pVSRpFFa2thOrArg9sjrVmDT283dnJLAcLjFbUFmqk7VB
LHqe1WFt9hDNhQRwD3rjlW7GliNbOIK0TqGTPBI5NMjM+mON25rc/dkByV9jWkkSyybQ2B15rRjs
5DF/qyV6cr+lYczfS5pGXLuRWWqpIo+fPuKunVAMHcMj1NQN4U+1KWg/0SQdlHX6j/CsPUdK1vTk
Lz24eNf+WsJ3AfUdRWqw1VLmSdiVOjJ2udhaa39olWKUJsPG7PSrU1tZzyFZkCnHDA4zXm9tfr5y
NuI4z14FdHa64Ut3Xa0g2529h/hW8cQ0rVFcmphbe9T0J11BtJ1WOyYme0mJ2Z5KYGa6Nr1PIVlf
ejDgiud0u1Oqn7fIRHHGpWF2HXPU1Qjv1WSRIGZoFbGG6g96XtalOne2j/r7jKVKEp26o2rucHDZ
wQa5vX7poNGuGU4Ye/rVi5vGMgUZCkZ5rC1O/SW3MEnKycH2ripRbkmzrpR1sZum+Hpb3TRewRSJ
gFZmkAZCfVfSuX8iceIhGFw4l6V3thqdzoyiO1cG1YZdDyKzrCaLVPGLzmFFYpxtHWvVdVWcl2Oq
Epq99j0GEYs0UjnbivEfiZoA0vVBqEKAW9wcMB0Br3GMYjAPpXL+ONHXVtAniAAdV3LkVwYDEOjX
T6M82rBTTifOznDEYwBxzUUnPqcirEsZRnUr8wOGyelVW2kEngA44Ffap3Wh5D00IS2RxnI4qNiC
D3xz9akx1GMHrUT8dM4q9yUXU/1a/QUUkePLXjsKKdgPrQwgHrmoJYcAgDFaZi5OKrSrtB4z2rgk
j0IszXGwcGqU0pKkE1oXGCpwOc+lZF0dvtWEmbxMfUx5sZGeSMVzGgWE48RsWzJkYCk9PU10l2xH
TkVzcjSx6iHgZ13Lgsp/Sueb0uba7I6zU54DKljLEHEI3s3qx/wrMnvQwKw5CIu5mk7Yq3Yxg2xu
b2Iuhb5VLcuQMDPfArmvFWqrKBZ27fIx/esO/wDs1yRbk1FDSSRpp4vWdTNPq1mFIwQ8a5/UZqsf
GOmGUltXiDA4ysHX/wAdrirqwS5tjIOCBniqYsFdBI0oXj0rrWHpPdszvY7p/GGkwSMY724nOORF
D1/E4rIv/G9xcForOzIBGCZmyfyFY9tawLI0szKsYGcg9amhuNGgcySyNJg/6pRVxpU47RbFzG94
C1y8XxdbRXJCx3SNCcDHOMj+Vd5e2UxvJnC7mxjg4zXkk/iJI5UbT9NjhaM7llY8g16RofiyPXrc
MV8u5UYli7g+3tXLjaElaolYqMjRsPDtrdB7m+cNjhYFYjefc9cVdlXTdHs3JiSCIDiOIYzVOa6Y
cK5Vcc4PBrnr+Ke5imi5LyDqT0riUpSsr2RbXUm1C/07VbEwXcUgtUk89UHzYI/iI7++KujXdIlC
FrtZ3Azznmua1HS7a2jELXeWRcySSNwg9B9a58Xlrc3xXTVmmdjsZyMIBXdGkqkdG7Ixbszodc1u
EzBoFQsp+RSDjPv7VWS4vtWMIClVU8kDr9KS2t7G3nVLjmQjhQK7Ow/s9LZZC+7PBCr0rOTUFZIa
aMePTlwCVwRz1q1HpzAEhcEnPNbwk0poiVll6dDCQa0dNtYbohYlZlUZLEda5rzk7F80VuYVtZ3E
RJgRCxGGyuePb0rM8STTzXwnuLEnKhCVUDAA7V61bWsMEH7yAIQOV25zTZ9P0+cAyqMHgcHmuyNC
cVuZe3g3seDfZ55p28i2mlycDCYyK2INI1KSNRBpsgbrycV63Hpmm2sm7ABPTccY/OsvV9bhtg1r
p8ayN90uPuioqXjG8rD9snsYE0ctjoTqX23d1KCY16Q47VjpAAMucDqSa0ZRLMTLOxZiMDPb6Vha
rcXbRzLb2szRRjMkgX7v1rjheTsS5DLvVUBPknKpwcn9azJJfOjLMScntVQpPLECFOwkn3NWXK2d
oC2C55AB/nXWoKOxnq2V55UiUKzYZjwmetZWoT+e4UMAijAwKiubgmcuzAvjHPaqZlBBbBIA7V10
4W1GnYx7tcTEgEk859q6HQTlMZ5J7dq5W5uCbhgyjr1B7V0fhvzXbcMhema7MRFqkEXfY7q1OIwC
Mn0xXQWcxRQC2CBgY7Vy0VwozkHB4+latvebSQeCexrwakLnTGx1ME2GGcc1ejeLADRoy5+63Ncg
dXWFMZGTzyen0rX0/VTOBktAxOeRhdp4zXM6L3KvY6SAQzxlSoBJztHauj0Rd0colwzI+3d61z0U
jBnYbdoALKcfTI/KtvT5zbwMo8ss53sQe59u9dOB5aVXmnscuIblHQ1rgqo4O1scY71z0t5NDK2J
HYZ+6xyKnuJ/MyGlc454OM1myP5aks3HX60sdj3OXuaBQoWWpmalYadeSCZCls54ZogOT7isC+vL
HR4nW4unkcc7Yhgt+dJ4l1W2srV5J5fKjBx7t9K8ru5b3xZqZa2gdYxwWZiSRV4bDut789EdPNKK
sj2Ox8Wm5hMcDBYkAIi6bfY5qSzYylpTyHPYV5PYaTd6ZqaCNJbgj7wz1969N0jUNkkIubKaFOrF
hUYuFvhd0ZwNRrKWaIsAQ2MDilj8OWksIMsWHxzz1q7d69ZW1q85CxxqccdKoDxTYTnMTSMxHSNc
5rg/edDoi5W0RVu9EUW8oXCkcYXuKz/DGnqdde4VMLEm3r3rY3X2of6qI28J7t1rR06yi0+EqpJd
jlie5q3VcYuLNHNqNmaBG3oeKz9YTdp04BwDGf5VdByOtVtSAOnSHPO2sKXxnJqmfMOori/uhwQH
J6dazpSQCDzznNamqjZqd0AMnfWXJwPTPPWvvaOtNHj1PiZAWzkEsKibg8nJFSOOMAk1CTjtg+1b
LQmxfj/1a/QUURj92vJ6CimB9jOMk+tVZRwe9TvLkEg9KpyS5GAM1wyO6BSuCOemawr18Z7gc81r
3MmCc4P41h3hDdSOfeueR0RMO9YjJHeotGuEzNY/Z45JrvCCRh9we1Mvwy5+bIqnpFwI9etmJ/jx
XNXvyto3i0dsPBd2VLNPEcjGQPuj2rnNS8G2NrMiGSRi55JNeqT3aQWAc4BIxzXn2s3oubuHGfll
zmvKjOaaszWjFzTbRz134bgsoyImdgeoJrPk06KKEqiBTnJOOtdpqAAkQHoeayFjWa8mQgY/lWtO
vJrUycTjJdLBJG3kVCdKCkfKCD1wK7l9KRV3YJJ7AU6fQlKgkEHHAxWyxViOU4FtOwCMAcVJAs9n
OJbYlHUYyPSumksNpOVIwccjrVc2TLt3KpB5wK1Ve4mjSsNWilMcd2PKmzkg9H/Gr+v3k1kiCGFX
L8qsY6//AFqwFt1CYVXBHqc5/CpreHkZJJHAz2rncY35i1e1jNudNl877TqUjLHKcEkZSP646fWo
ZYotOvC1rLGLUnrEOcj17c12aRK8OxhlWGDx1rDm0ZbFmlto1mgzlof4o/da3hiE1yyMpxfQq6fp
k+qai7LDJu4PK8j3xXX6Z4UuIrhfNlMaPkttU7qzdC1y3sBchWR7mRgMy/KBj19c1vQ6pdnYIp5F
TBA2nAAPYVnUkluY3bCPTcZS1kad8fNuXpjrx/jVbyTkrFNMCOMEnj1wc1fRWJco2S/3sGnxQYYF
lQgc4rjlVS2LXmUg18QVe7nYZyMyHj86lJupuZbh229N0h4q05VBmUoAOeTWZdeILG1Bwd5HpU81
SWwXLnkSzMWlld2J53HrSTyQWkeSyA4xx2rnL3xRLMMRcLWW+oSuCWcsCe1WqEnrILm/eannBhBU
jjPes8QxTl5fPmCsNr4YjeOuD60yG4LRgiPauOWJ6ipokcgDk45+taJci0GoNlS5aKADAAAGBmuE
8Q63KkwjgyMnJJFdzqYPkk7l5OOD0rjr3RGvScBAwPB7t7V34PkUrzCcWlZGfZSPegZJwavy2flw
kZxnjA70/T7I2w2lNpzk+1ac8UUyqScFRxitp1Fz6bAouxw4tfPu8BSQT613elWcEFqBEuGUfNz1
rFFgtjPvBBBGOR0rZheVo1ETAhjnntTxFXnVlsEUkWpSRLwowT3Fclq/iW7F8qWNxJHHFxkfxN71
1QDeZgfMQQTjjFZlz4eF3eCXymDbuXA6+lZ4aVOErzRUk5KyMq3vdbvbofv/ADFBy7BQAua7rw/b
iK9NyfMdiu3DOSAPxqPTtMiiiUKpKjnn+tb9laCKLhRjHU9qxxOKUtIqw1Gxdsr10ntwJWG1iNvp
/wDrrq7CfjkcA8+9crZ28QmE2SW6deldBHciJPT8K8avrsXFGpLJ8pOc8Vy3iHxJbaVAWmfLY+WM
dTU+p6hMIQFBLudsajvXC+IdAutovbp95Y8+1VhaMXJObN4wucdrd3qWuTNeXK5UHakQPCD6f1rt
PCELReHri7CqHwVUAdDWC+nxDaIsknoCetdBp2haqYIYAziFOgHAye9eziKsXTUdkVKnZG/pV5a2
luGlUNcuckAcn3rQ+3z6mRBFFls9ui1BpnhPZIDczStnqA3Wu003S4YIwEt9q+wryJuMpe7qzCVo
6sw/+EWhuYlFyzzMOgJ4H4Vo2WgW1nCGihVCPauiCJbgPjg9Qapz3IYkL90GnKHs4+/LXsYqvKTs
ijIFHCgcccVET2p7kFiQOKjPWuGTuzdD1OB+FZ+rz+Vp07E8LGf5VdLYFcp43v8A7LoFwQ2Cw2/n
WuHi5VEiZaang+oSiS/uJQeGfNZ85wSSpGDUrsCxbDHcc/Sq0oxk8AnqK+8pK0bHiylqQs3XDHIq
MnPSnEckcZ9qaeT9K0sSX48+Wv0FFOjQeWv0HeimB9TveFZDluKie/XrnnpWaZPNYk9QaqSzhWx1
rzHdHrKKL1zeBhwefpWfIyyg54GO9QvNvBwSOcVUmkbB5wBWLZdive2zEnaciufeG4truOYLgK2e
K6KK4JYgjPPftRNGHGcZxzyKiaTRUN7HSX+oGXTISWJJFYGFnkiA5JOT7VNLI32QFegHHtUWkok0
rtLKFx69q8aK5U2eykoUmkXLpzOQoUnAxms290y5ikN1bEk4ya6CL7JCpYzIVHOSacLy2a3MgdSo
6k9qhTcdkebKLZhadeM5Hm8gDua0pZ4jGxViCwxyelZusyQWcQuYtojYHcwPSuYi8RL5xil8yPBH
U56jP+FbxoOouaKM2rHWXaRCFWC5Dcc9azza4AypwfWmwXytGsiurgcDnrWxatDLGTtBYnPPapd4
BYxjbgkdTg9+1TxWjbSRnJ7itZ7IH5li5xnGetXLawyMBePcVLraDSM2CByRhSFx2q6I2SNsKGAG
K2I9PIAyCCeelJPZ4AEZY5GSR3rndW7FuclqWhWmoM7tmG4IwGU8ZrJOiavpm94W85F5PlNz+VdT
qsE6Rqyjcucce1VYruYEBwA3v2rqhWly90S4JmBB4kuYcCdnyP4WWtAeJ7kgldpB9BU14sUoLShW
wc/Ws5LODzDsTr2q7QlrYydJnPanrd95zNM0xjd9ind1x7VVSczt8rMRj8q3tSsf9HEjQwFh/wA9
F4P/AOqs3SNFu7uXM8gVAc/uuhrui6fs77CdOSdia3spZ1BDBVHc10ei6LbSXgiuFLBTzuOKgaCK
yXDKV2HptqfT9Vtor2e5dgqGQfuycknHJrlnKUoux1UqCtdnSPolvHIqjgEE9OtNi09ckOjE5zxU
Z1WDU7yNoJXVVjIbI6ela4ltxEGZsrj7w6CvOk6kdynGxz+p6JbTQBsnDckEdPxrmn0dlyAH2ZwT
6Guv1HVbC3KRO6gNnbu7msr+09PSPasyg9B83WuqjKokTyGENKAG9IsHoDIemOtUJbNRGFSJmkBz
JJjj6Vs6hr1gkZnMqMxPzAHGT6VgT+LrRlyF2jHAAzmu2mqstkNQI5bHfHktkZxyKW2sWaQRRB84
yCF4GKrR+IorhcbgD5nCsvRev61t2Wp4kBiCjJyAPfvitJKcVqg9mrFK3QrcPHLlZFIxx19x7V0M
FvDJbg7izk44HBFaRniaaGG6iRQ/OSOn41pw2FipG0g54FcFav5EcqRjiymKkRKc9MVcTTtUgtzO
9tmDH3g3681txbYIXCFFVBliW6Vzd34xjuZDawrNMUPRGyDWUJSnshS0Fs7lYtRSK5Y+Q3LYHIq1
eahAwSCwl3Pj5izciqFv4e1LXJnlu3Wxt3wfKh6n8a6XTPBWkadIGgExfGNxc805ulHd6jS7mTZR
MLhJ7ptxQ7kA7Vo3enXOrgBwFgbnywO/vXW22k2kGCRGSPWrQgs+MyEYHQdBWbUm76Jj+tKOyOFs
fBsKyb3CgZzgCuqg09Y1CqoAA7dq1o4LIgfvMk/7WKsbLVVIzg9cg1r9WnU1lJfec88W30M+3tQT
93jpnvWkzrbREAg49aaZIljIDLj2rPuHY5ycgnNXzRw0Pd1ZhrUepDPcGRyckA/lVR2p7Hr71A5x
xXkyk5O7OuMUthN3PNMdvypCe5qJ2ppGthXkwpOa8p+KWqgww2iMPmOTj3r0m7nWKBmZsBRnntXz
x4u1r+1dcndWyinAr2Mow/PV5uiOfFT5YadTJJUgAnkGmEZBz1B9ajDZHDc9acRwSeh96+uinbQ8
dshPJJ6DvTfYHIp+1pSQqkjOeBV+y0O9vWG2EhfcVQNpLUZGf3a/QUV0sfhS88tf3fYdqKLPsZ88
e57IZ1iByeprNlmV5CegrQu4OD2HSs0w4JAyRXkTb2PdjsOBU8Z7flUcq5HBwRU4h+UYbBpjQkgg
VkwKipgk9RVlISy8jJ6U6OzJx8xxV6OzYDg8nnmjcTZnvcLBCYjg4/SuQv7wRalKdxCEZH1rd1nd
p8jsylyBlRiuLvJvPkZ8gMSSxFclKj7zPZpyvTRK93c3cwiS7YKBjk1r2raqluLcIhRTguzcE1yq
W8hkzC5LEZ+Wuij1v7FoJtruw84znZFMz7enf14ronS2UUZS3KWuzXx3WLSIwB81gG6gf0rIltyJ
o57iaO3Ep3gRjoPw7Uagm9VuUkBZyVGOrL06dqfZ6TPcvblg0iiZY5cjATPQZ7nGa6YpQh2MJR1N
bSruOATKkFxeKzbYlRSN59c9hXSeH7jVZZliu9PkjTdzKDwBXTQ2VjZiGJQg3D5QB1xVy4VECRKw
VQ2T7fh3ryK2KjN2UTJkNtcW5neEyrleMN1FbEN5bQRglsgDPB61yOqXGjWyTObiCK4VdxK4BFcB
D4t1J4JHBXCHG49/p+FZQwMqqvENz3OPVLaYkltoxznvTkuIZVL+eSc4CKv8q4ix1hZNKF3FqETx
qm6UlcYNXdE1SK41iGQylW8vdGrLjeD3rmlhpRu+xTgmdZewA2zuy7VHVRXC6zeiLUFWJBcFgDIF
/hz/AIVe8Y+KZtPtXsYUG+T5fMz0rhdNvVWQszszE7mweta4TDS5edmkKLauzqDulU7vlXrk9vrR
MINLRZ7xcsQGWA9vQt9eMD/9VW4bvyrK1dVZp7lfNVgudi5wMA8bjgnJ6CsnWZVOkhZyp1F7ks+X
LZTHBPbv/PpXXTpO7uJU7vyMK51a7uoztZhg4clh3rY0C6MEJUhGKcIytnNcmbaSWdlSQfKcYH8V
X4tHuhH5s9wII8Z4HP0recI8vLsa+zTZt3d/BAskDSF55f8AUqR/GarWuiXhYeZFuuJG/wBUOuar
WmmrFcGcKzFTuDMc133g6T7Vf3NzMoLINqY/hz1/OuerP2UHylv3YuRFPpdxpulCaaC7EmAGNu0b
eX/wFsZH41wWs+JrtcwWTzSAH5nlhEZyPYMa94nKrA7tGjR7CSSMgDvXkHifw5Ha6z9oiWFLKdFu
E8psbkJ5IyPlx7+vFPBS9qnzR2OSlUUpWZzukaVqHifeG1Jd6jeyFjlaNQ8FXtpGbiS4kkgUYkaI
bthz0ro9I8KreXmbe7e3jlmyLuCbLkY/1G08Z6kH/ZI7inyWV/ezzeH7e/msY7b/AJYkDnB68cn+
9kn+KvQmnT99u0fQcpJuyPPotBmvLw/ZYrm4tEbaZAoUnuev41Ql0mdJ2B2YEpj4cEAj6dvevWrn
QoIGiG9khgKygmQ4BXnjPQ571yb6ZPrOsXd3p8IkilkCqRwp9Tn0op4yMo3DlTepBbeD2uplaBmN
usSyPuZdwz16cden9KuabNpluTBBdxkjhmzzWl4su4fDvh1NItJFFxcjZIw647t/SuB0/UobCZVK
qVIwWyMilGM68HJ/IynUS0R6HPqtnbxiSOT7TMfuxk8Cpra+1m9UtBbRqD0ODx9cVkaRqek37FVn
gDgdN20/rXd6Zd6fo2gXGo3FzGlvuwWY5/L3rz6sHDTl1ITvrc5uTRtV1CTy9Q1ORo8/6mI7VP1x
W/pekWmnwBRgL3xXn03xFja6l+yWczLn5dzBcfWmP4v1+6hDQW0VqmQvmbdxGfrWksJiJq0tEKMo
vVHsKalBEhEK4Uevb8apXHiuxtiTPfWkWBn5pxxXj93pviXUlX7bd3EsTckA4HHbAp9t4SWMEmCX
JJxlc5Hf8qyWX0F8U9fIpOXY9THj/RTgf2pat24J/wAKni8caRL01GEA+qsP6V5gLK2gAl8oMEOM
f1pAV+0EBNu0ZGO9TLB0Htcu/c9hg8S6fOcJfW7H/rpWjFqCSjKsCD/davFo0UEF+hOee9Pt5WgY
mCZ0YHsSKwlgo/ZYtD21LpTgg4FStPu5655ryS08ValacSN5yA/8tK6bTfGNvO6pLmFm6K3euaeF
qRWmocqex17Nx71Xkk5xUaXsM4JBwT05qu8x8wjqBXMou41Fj3k5qB5Mk96jeYAVXkm2Rk456VtC
Fy9jmfHeqvb6YbO2OZp/l47CvL7bRZcfvYFJPcjrXr8+jG/uA84zgflU6+HbaNACoxjNfcZZglQo
Lm3Z87jMS6k7R2R4vL4ZmeQeUOD+GK0bHwc0hUMWOexWvURpdtESWwSPSrKG2gjyNuQM16Ps4nHz
SOPs/BkWFJiyAMc1u2vh22twNwAAPGKtz61BEM7gCPfpXP6l4qWNCAyjPo1Wo22JfdnVC2tsdKK8
9HjEY++//fVFHzHZdj0q7I5G4k81RC5BIHfPFPB81id3GamcKIx6Y7V889T6ROxW6DIX/wCvTSW4
IH/1qezYHuKYDnnsahoq4KxHIFW4hPjcWAHpVdXwc4H41bhZ5WJxwP1oWhLM/W7JrjTZmdsEITXj
10VWRlVsqTnntXvv2L7RaOsvIcbcHtXg+r2jWGp3EDrt2SGqUbO52YWd4tFq0mms7Q3MQjTzIzHz
/F6mmJBPqFlJPKrE/djz0HrVrRdIn17fGp8qCMfMx7+wpbi0vrAvALWUw245ZVPPPWp50m11OlNX
Fi0PybS1urVibqYhURmHB7/L3GK9N0/SLbTdNhsiquFGWZhnex6k14/Fq3l6vb3OWVI5ASAckCvU
49bguoVlXLKw3Lg1y49VGopbGVW19A1O0Vruxkt7p4vJJwoXcGz65rJgum1W5vVvbgstvNsikX5f
qeKsPqkRJAYFieWrAv5PIiuILVSRc/NwcYPrXPRi2rPcyTMXXZLG3LWtnuuGLFnkl5waztPgmmtJ
YFGMvjcW6ZH/ANarzWHm7LZFBfOWkVeSa6vR/BN9dCFSwBX5gFPT616LrRpx5b6mvLHdnLRW95dQ
R2pBghVcudpG7H860LORYL03Vu10sFqMfvSWYj6en0rq5tCuYFEEsLb92DJ/CF/CobmwNtabVXMo
ISPHf/IrleJUtClHTQ53xDNLe6mklvG0qqoZtx4BP+RTLKwuCCJLfY8nzq2egHH0wa3BaxXsL2eo
IbOdfmBU/LIB2Jqrd6dfK8t3b3FuYEhJYE42fSrhUjbk2NoyVtRj60tlJ9jju5pIAAvJ4T2FNk1O
3EZLFSzdcVxst4zmNXbKpxwPfJq9bahawTPi3EifwGTrWrw/UaqLZHR295pkcZkaIhwQUG3k+4rW
nu55XtrWxJmiukZUWdcFB34rCRhNCkttewRkL8zNF84PsT2rR0i/TTPMJSO6vDjEzA8A+/rWE4Ja
rcpu+h2KnT9Ito4L+aMZXnAwq564H51leJfENlbC3OlXgDSjDJB3X1Nc9qcl7q9xPPJtwpwArYHP
c+1R2Gl28EYnlmLXKy7YrYJ8r++4HjH9Kyp4dX5pvUXJ1Y618QapHCLSO7lMTEqYwTg54PJp91e3
H2y5tbyZrlpIlU3A5Y7fubT6ev8A9atzV9Jnv7Ga6W50svZJucwAhnB7OSOcdqwriYsYQInWdQIu
Wzkdh7V0tKG3UUeSettihcmczm4MrGZAGwW5Hp15rUsNfZdX0wXDJbtyJpWA+fOcY9s1l6ndFY/J
nZTOSG2KfmrNv7bBB+0Rw+WNyhj369atQ51aRNVRseoaykF8Ftb5GMeQzbWwD7cfyqlrGtab4Z08
H5VZkxDDEvLewrz/AP4Te6jin8uI3Fznidm+RPTC1UgtBqky32s3YkDPtZjJjOB0HsOOlZ08A425
37vbueZKre6iYuo3Woa9qks9wSJZOiE9B2AqCHRrqZ2UxSAoPmyhwv19K7OC406xVrYW0V4Qdgyc
jjqAw/OmQTalOJotPkMAcgP5wPK7v6Z5r0FWa0irIw9jHd6nNaf4euLu4WFELM8m1SPTua95TXtP
sbMWt1LDLG8Wzy2XcpwMc5ryywg1SLUYi04MLHbOR0Dc9G6+9aaeHLtrna955sSsCmCeMmuHG2qt
c0tF2NacLKyQr6RaXl0ZNGgENibkM8Pue657D0rrNJ8M7YY7q7j3zQhct5px1wf6Vq6NpMMNmght
kZ0zFKG5+cd/yrcSy8klAT5Trjy/XivMr42T91M6IpJaFS30+KLMqrhX4Me3uP8AHikutLUkPEro
qkEZPr1xWkhiiiBi+YqcYY/eNJJNEwGAy5Ixlulef7SVwbOQufDiLcTKELBQH7HArMl0KKeF54gQ
Q21gRjFdpODLe7ixZliz0wSKhdpiWDBPKK4OB96uiOIkiWedy6ZIN6qXCg9CKjlt5VCjbjaMdOtd
7cWERlYxDC9gT1rOubCI5UA/X0reOIuTY5Fk3KBt+tNkg3RnIO4HPWuibSwRyOhz9aqy2vkk7hwP
WtVURN7FbTNcnsZBDMzshOB3Irt7bUIpY8E/N6GuG0xrT7cbuXaYoThV9T61d1LXYp8Os3lyLwJB
3rvWTyr0/aLRnNPMYU58jOqMhYjjrVK6vYortFY/cG4j1PYVzcXjloIytzaLIyj/AFkTYz+dcvf+
J5Zrh7kyqpc9CegrLA5bUWIXtVZIWKxcfYv2bu2ekf29HESoOSKo3PihSCVYEDrXl0vibk4Y59mq
hP4gmcYU4FfWupE8KNOTPQb7xOqkneRgAnB61iTeLDg/vTk88muIlvp5gAxwM9qgY985PvWbq9jR
UfM6C/8AE08hIVyy5/vdaxZ9VuZySWxk9BVQ8545FMJz9Kyc2zaNOKNOOeXy15PQUVFH/q1+gooH
ZHuyTSwkg+vapRe8csSelSEeaxB7Go2slJyG568V5LT6HrrzHmdSCRkGmeflThe9ItmQPmbINWIr
NcdM4qUmVdBbo0zD5TtHP1rZsoGaQDHA/SoIFEQAIxgVp2RxkkYzVKKuTJkzjBAAOAe1eT/EvTPK
1VLxUOJUweOtewhc8+veud8WaKdZ0aaJQROnzRkDv6VUkXhpqMtTx7RNdOhtjIaNxhlz0rsIPE1j
cxYVwNw5VuCa85nga2uyjRHcpwVPUGrVpAr3YMu5gOoFctWhCXvPc9CSOkvtO029G4oi4PyhRiq9
pY3LskR/d2yn7qnk1r6Tp8SAFuSefpW7FbxEAbQeO9cU8Q4rl3MrdytZ2EO0AIMe/etNdJtpFCm3
Qgcfdp8Fvt5AAHTArSt12kA8iuGdV9wsZlpoNtFdmVbZQw5zjpXVWdoIQML1GDTLZVEp46jFaCYB
HuK5Z15N3uRKViUQQMpBUZIPbrXOanpcUV2JIISFPOFX5R610ZkUDmsy8vVXIHJ68dq09u5KyRNN
tO5wPiDUYbKQMYlYnjBHSuIvLC5ksyYoFt43bcoZvncf4V2Ou63pSahMWljl/diPbEu49cn9a5K9
v7+9ZxbWixQL/HKecfQV7OEjKMU9vU3dRJHPS6VcqMnbgns3Wk+zShCWtwAo+8rYx9ame21meZlm
DlYwclRwKifSdQliKyuVIJAjHOT+FempW+JowdTqkNSf9yC9wFjPy5649uK0LHUTbjEdxEVY4ILc
Nj1BrBOg3iviRHHqQM4pF0S5MoBJEW7a0xB2D8e9aOnTa3IWMqx+ydVFev5cIEKklyfMVuXB7H6U
/wDtFoLuOeJjIyjOCvQ/hXLf2Pcxyujk7QOGU8HsK1rbRr+A/JdSKu7BCdwf51hOnSXU6IY2b3ie
neENSuQLi7vIt63RAy3Uge3SuX8W69Y6fqsv2PyXZmzsQ7ih/lzWY1jcSwxgahfMivtJlJ79OOwq
1caBaLf+ato88ccP70Rttwc/fH04rlhSpRqc0nfyJnWm7uKsce+tXc5kMMaoXbcW75PpUlppNzqE
r+fKWuEkAa3LfM+fSuvPhy2IYC1YSkiLDMNoz1Y+49vWtuy8NWiz25RAYo9srKrYc8c/Ue1dM8ZT
gvdVjm9nKb9+VzjIfD0wkFqXCXQTZjapC85G49OO5rWh8IXDSeZdW28qSZAzYYsf4hjtmvQbKCKG
ETy26lgzEkgcheefwxWgbLcouIoFXD5bK9QeetebVzKZoqUUcNF4UhMcLRiRpliBJVAFDDr+dbB0
DbM0bq0fP7sE8DA5B/Gugt2DAxFgoBJwAfyOKfAYjI5nZyoBIbuT6muOeKnLc00Rl22k28Rc7CqM
MSfLnBHpWmlqgs0uBbJG8eFKk8NnuRVh58wgSxKHblsHoe3FEcZMAMQy0Jx83fvz+tc8qje4XLWn
IizOVVlikXf8rcoR2/nU0s4KlkBIblc9sVStHWK9RWOwgksCcZx0ps8yqSVZgFHQ9jWTV2Jbk4uP
MYKyjOM5xyajZz5JxnAbB+h/+vVKSTMW7OQD8vriphM2AS4BU7dpH3gaaiFyYL++U54IJXceopC6
gBWXKLzxVRrzhYhLlc4GR61XefJ5bIHH1qlFktkrzt5pIHGAOagd1MuFOTjnNV5pXJXaQFByfes2
71CCygMk8xRB1JPWtoUm9EZuaNOa4WKM84AGST0rgNf8URXMhtbdyIR/rZgeuOwrD8S+MJ9RJt7U
lIAcdetcmzMSQWbJ7V72Cy/ltOocNXENpqJ0U3iQqNsQzEpwFHQVQl1ueXnbgY71kgYJzwDQDgkZ
4Br2+dpWRwci6lufUJ5sgtgZ7VTJZjySeKaTz64pM9AKm7LSsSA4wepxTOcYzxR1GKQnknFUA70H
pQTn8DUefelJ9sVIWDOTknmkoo70DL0Z/drz2FFIh/drx2FFUKx77nax5xz2qyiqck0jgBieMZoB
xgBsV5VtT1iaOHLDLHFW0iA6DJzVIlhgBsfSrUJbaBnJotZjsXIkBOW4FaEBVRxWagIAyct2q1G2
1Rnk1SZLRoCXI44xUTv1B6e1V9zdOeRUZYgZPPeqbFZHM674Fs9YvRdrM9s5P7wqM5rY03wzpttZ
LbLaxlFHUr8x9ya1YyTGMjgc1KZAkYGcHFRyLdlurK1rnI6roq2EhltV/dE5xnpVSGbGPeunvJgW
5A2njmuZu1VJS0S4SvLxOG15onTTndWZo283I6mtSNgwyAB/WuZgmweO/HFbFtcZAz+leVUiamyh
xgnBwc1o7lMYYMpA9+lYsc64HOaivLxYoySwAx3rm5G3YzcbsfrGtwafA7yPkDjAPU+leb6tfX2t
yfvJJIbU8iFTx+PqatahcHU5/NyTGpwq/wBau20GFAf7oGBXp0YRoq/UTfRGLbaVDASOCDwCV61p
OieTHE6AJHx8q8nParggWIAFSecGhbcq6M3P8Qz3rR1nLcRWljiIhgEKrtG3IH3vWka2ieF7kSwp
LGQRgcgCrD7WEpKEBQTtB6ZNQGPhCVB8wYZR2H+NCmxEctlbAnayhSvzbfvEN1HuRU0Wk20u5VLM
gQDDNkDHHQ9PapIJGtsRWy7PmLBmXJAIxzSRTeXMSDlcgnb90/XvT9pK2jBmfe6IsUcEDIGMkuW8
rqT6/SrNtbqy/u4v30SjGT0x/FVuWd1kRt+5gSVO3BGT0qO0lljuFZVh3JyQT/Kh1JNAtBr2atKu
TMhYDymJGOfX8c04qsRTZEsiplJImbBJPH5VpR6g1vtkhwGUFcOuSVas9nSeOVV2+bu3szHn3rNN
sonfR/KiK+UWBCDdJyy8dM9PQVLBbRQiGbEzs4wyqMlQPSn21+xlmSW5WNo4QfvffI//AFVHfu0E
ERdSttKiujBgS2D6/Ump956MLovJqFiCqxLIxkkwYivIA6fjTlvIIGAWVlBz94df8DVCxnUSO1wx
EpAMUhX7uO4qXUYys8MlzF9qEkfmn5/vc9eKjkV7C5jWttSsj5Y3gy8qOgH1NSG7tWlYWwcDBEuB
96uTaISABSqgJ2OcD3pFlcTkhmWEjPHXA6UvYLuK51r3ME6tL5sZVRhvUGqL6nbwgAOBkYOD1+tY
rBvsqS7iC5wTt61nTKA4AyT0pxoofMjpbnU8SLKroYuq89KhOpbozK0owRzj1rn2mMULRJuCsMHI
70qgvGZwu0A9B2zV+xSIcjZbUVZQCwDDuB1psmqzSyD5ywA2jI7VQtF84lWAAUbiSabiKANLM4Rc
ZyTR7NbEcxfOoTCTawXpjntVdrqUq8spEca8li1c1qPjPT7dilon2iUj/WN0FcdquuahqUjefMQo
5EY4H5dK9DD5bUqatWRhUxMYnX6t47tIFMNsvmyLxuPSuC1XXb7Vpc3EmF7KOlZ0h5PUc0wnJJxz
1r16ODp0dlqcU6spjlOOOlLu7dMnNR5zjJyaD7GuuxmP3ZyexPemE8deKT9MDtSZzQAE5Oe9IOKM
0lAx3WkJpAaWgQA0vSkooAWm0tJQBeT/AFa/QUUJ/q1+gooEfQphzIST0NIUIOQeBU7ttkII4z6U
1mwMA5rgPXGKRnk5Aq5GePk5zVVFx1OMe9PM3lE7SaQ7F5DjknkVIk6jkt05rN+0nPJ4+tOMy4ye
M/rQFrbl97/OdvTOOKSKVnO5jgA9DVD7QvbGajlum6KeSKlsfL2Nd73GAOBTXuy+MHAFZS3JUDJ5
qOSdgCd3WjmJ5R15dNLMIgePWqN9Oqx7RjkUSTLENxIJNZVxcCQnkY6Vm13LTGR3jQynAypPNbdr
cKyhlbKnr7Vy8s2Mgc5qCy1KeynJTBBPKnoa4sRhVNXjuaqa2Z6LHMixmUuFAHeuU1fXfPu/KUlo
gcZBqG814XdoYoothPBJNY20nkA5BrLDYPW8wnPojotOWCYAIQzHk89K1fszAHKgEc9a4yJ5YiCr
MrDuK3bLXJSpiuV3j1XrRXwk07x1MlJo1SFWPDLjPPA601FilUggiQ8RinpKl2MxPuAGMelPJMUW
04ypyMjpXE9NHuVzFe7lbO0xbJRHtIB+9VVIMfI0R3dRz0qw0YcEu2SepPUUws0edpznrnvVJ6D5
kOhimEBZTtZyVJPOQajit8GXzWVSiHyxjrTxcSmILtUqDnGOgpnmnHCoEUZxjrimrgmQSHIUFQSs
YjBHbFSSLA8YEW4szjbuwAD705J1ZtsQySM7SKR5ypwIl3kYyV6U9Rt23CISxTjjGRtYHv64qrug
ju5d8e7a2UAOQR9akMsshViSGz2PSmCAiMsFJCDBII4ql5k8xJaSRMTLOyjecqwHSppZ/OkCiBTC
oz7CqsQAVlK9uwpsYwCDKeeuO9DSvcllqJ1u4AZdkPOF2nkVXbz4ZtjNyhxx/SnRMokYlVIIwTjr
6U+WR5pAXVeD370tmFyJH/fBBvZTy3OCaEbO/GcHge1OEa5AJIz6VKsK5AXNNsnmJ2nxZQwykEKT
tB7Z61QkUwTMdom3cgk8CrF28FrGJbm4WGNT/wAtGrmdW8faZas0Vpbi4ccbu1aUsPUm/dVyJVUt
zfAefBZQOwAHSnyeTbW7PcSLHAvJ3GvPLv4h6hNHtgiSInuBzXMXGpXtznz7iRgTnBbiu+nllSXx
Oxg8Qlsd5rHj+G1mMGmQpMgGPNbo1cZf65e6pcGS5mY7uwbgVk9MUA8+1erSwtKl8K1OadWUtzVi
cdSRnPfvSzzA8hTgCqMcmO+OPzokbKk9D1rqb0MEncikY5OTmm9RQTnNJmszRC9DjjIpKTPNFACn
0ozSUUCF75PWkoopjCiiigAooooAKKKKAL0f+rX6CiiP/Vr9BRQSe+XNwAxwc81GtxgHLHn1rLlu
SZCxYYJ/KoZLnAOTnt1rzbtnspaGz9rwSNxxURuW3Ek5A5rGS9x1Oe3BpTeYBycZFK5WhrC7Yk5H
FSG54GeBisIXoJ6kU170MCCxI6cUmx+Ztm9UHGeen0pFvMsSTnFYX2gZyOf60v2sgkDqT2pId0bH
2/Mmc4HWmS3/ADgHArEkuGDcdPY0qzZPOQfpQ0IvXV5kccEDNURNkkk5HWmk7iRk89KXy/l6EmjU
gQ4Y5I4qELmTAHWpipHBNOihwQenP50JANEfGAuMU4QksO/FW0iA68d/erCQcbm4AGM5ppCuVkts
5OM5HarUdsoBJwMdzVK+12x01SC6sw9DXIat42nnJW2bC4xxWsKcpGU6kYnX3+s2mlxkmXLex6Vz
i/Eq+t7krtW4t89JB/WuHubye7ctM5Y1CO9aPB0pL3lc5ZV5PY9as/iJos2BPbzQFjggHIFbEGv6
HeKPJ1CNWPaQ4rwynBiOhI+hrmqZVSfwtoaxElue/oYJVEsVzCVJwCJBzT/IYkBfmHtXga3tyihV
mcKDnG6r1t4j1a1I8u+mAHbcaweUy6SKWJPazExIIVg3Y4pjozgsQSe+a8gTxlr0Z41CUj0Jq5F8
QNdizunEmf7w6Vk8rrLZopYldT08IwIPXPrTRH0ByQTivNz8RdYIx+5wP+mY5qFvH+usCPPUZ9FH
FCy2v5DeJR6l9mlDYVSMcZpwtsAFlAB/WvJJvHOvzZBvWAPpVG58QardY8++mb2LVosrqPdol4ny
PZmlsrbme6gVRxy4rNn8R6DASW1BGVf7oJJrxtp5WOWkY/U1H710RyqK+KRLxLPVtX8cabp5jWzT
7WZE37t3TPY1zN38Q9YniKQFIAe6ryPxrj8+1JnjFdUMFQh0uZSqyfUt3Go3d4Sbi4kkJOfmOaqZ
pKK6EktjO4tJRRTAKM0lFAEiHrnkU5yCMdDUYOKCc0xW1EJozQaSkMWiiigAoxRRTAKBRRmgAooo
JoAKKM0UAFFGaKANBP8AVr9BRUIK7R846etFAHsjfxfWq83UfWiivNWx65XT71Ev8X1oopAMXqKd
L2oopDewidUqZf8AWD60UUEkbf6409f4vpRRTKCL74+tWj3+lFFMkQ/w/jUp6CiikBOPvr9Kq6n/
AKuSiimiJbHn2qfemrGNFFdtHY4qoD7wpB0FFFaoy6inrSDoaKKAYUo/wooprYlbi96X0+lFFR1H
0EP9KQ9voKKKpAwPeg9BRRSW40J3oPSiiiQgFJ3P4UUU0IDS/wAIoopDCkFFFACUUUUAPFB7UUVS
2AaetJRRUgLRRRTQBRRRTEOptFFAx1JRRQLqJRRRQAU4dKKKBl9P9Wv0FFFFAj//2Q==